Log file open, 04/25/18 09:40:54
LogWindows: Failed to load 'aqProf.dll' (GetLastError=126)
LogWindows: File 'aqProf.dll' does not exist
LogWindows: Failed to load 'VSPerf140.dll' (GetLastError=126)
LogWindows: File 'VSPerf140.dll' does not exist
LogWindows: Failed to load 'VtuneApi.dll' (GetLastError=126)
LogWindows: File 'VtuneApi.dll' does not exist
LogWindows: Failed to load 'VtuneApi32e.dll' (GetLastError=126)
LogWindows: File 'VtuneApi32e.dll' does not exist
LogInit: Display: Running engine for game: MyProject
LogPlatformFile: Not using cached read wrapper
LogInit: Display: RandInit(-1130827741) SRandInit(-1130827741).
LogInit: Read version file with build ID '3709383'
LogInit: Overriding engine version to CL 3832480, compatible CL 3709383
LogInit: Registered custom module enumerator with build ID '3709383'
LogTaskGraph: Started task graph with 5 named threads and 14 total threads with 3 sets of task threads.
LogStats: Stats thread started at 0.166574
LogD3D11RHI: Aftermath initialized
LogPluginManager: Mounting plugin Paper2D
LogPluginManager: Mounting plugin LightPropagationVolume
LogPluginManager: Mounting plugin CodeLiteSourceCodeAccess
LogPluginManager: Mounting plugin GitSourceControl
LogPluginManager: Mounting plugin KDevelopSourceCodeAccess
LogPluginManager: Mounting plugin NullSourceCodeAccess
LogPluginManager: Mounting plugin PerforceSourceControl
LogPluginManager: Mounting plugin SubversionSourceControl
LogPluginManager: Mounting plugin UObjectPlugin
LogPluginManager: Mounting plugin VisualStudioCodeSourceCodeAccess
LogPluginManager: Mounting plugin VisualStudioSourceCodeAccess
LogPluginManager: Mounting plugin XCodeSourceCodeAccess
LogPluginManager: Mounting plugin AssetManagerEditor
LogPluginManager: Mounting plugin AudioCapture
LogPluginManager: Mounting plugin FacialAnimation
LogPluginManager: Mounting plugin GameplayTagsEditor
LogPluginManager: Mounting plugin MobileLauncherProfileWizard
LogPluginManager: Mounting plugin PluginBrowser
LogPluginManager: Mounting plugin SpeedTreeImporter
LogPluginManager: Mounting plugin AlembicImporter
LogPluginManager: Mounting plugin CharacterAI
LogPluginManager: Mounting plugin HTML5Networking
LogPluginManager: Mounting plugin AndroidMedia
LogPluginManager: Mounting plugin AvfMedia
LogPluginManager: Mounting plugin ImgMedia
LogPluginManager: Mounting plugin MediaCompositing
LogPluginManager: Mounting plugin MediaPlayerEditor
LogPluginManager: Mounting plugin WmfMedia
LogPluginManager: Mounting plugin TcpMessaging
LogPluginManager: Mounting plugin UdpMessaging
LogPluginManager: Mounting plugin ActorSequence
LogPluginManager: Mounting plugin LevelSequenceEditor
LogPluginManager: Mounting plugin MatineeToLevelSequence
LogPluginManager: Mounting plugin OnlineSubsystemGooglePlay
LogPluginManager: Mounting plugin OnlineSubsystemIOS
LogPluginManager: Mounting plugin OnlineSubsystem
LogPluginManager: Mounting plugin OnlineSubsystemNull
LogPluginManager: Mounting plugin OnlineSubsystemUtils
LogPluginManager: Mounting plugin AndroidDeviceProfileSelector
LogPluginManager: Mounting plugin AndroidMoviePlayer
LogPluginManager: Mounting plugin AndroidPermission
LogPluginManager: Mounting plugin AppleARKit
LogPluginManager: Mounting plugin AppleMoviePlayer
LogPluginManager: Mounting plugin ArchVisCharacter
LogPluginManager: Mounting plugin CableComponent
LogPluginManager: Mounting plugin CustomMeshComponent
LogPluginManager: Mounting plugin ExampleDeviceProfileSelector
LogPluginManager: Mounting plugin GoogleCloudMessaging
LogPluginManager: Mounting plugin ImmediatePhysics
LogPluginManager: Mounting plugin IOSDeviceProfileSelector
LogPluginManager: Mounting plugin LinuxDeviceProfileSelector
LogPluginManager: Mounting plugin LocationServicesBPLibrary
LogPluginManager: Mounting plugin MobilePatchingUtils
LogPluginManager: Mounting plugin OculusVR
LogPluginManager: Plugin shader directory ../../../Engine/Plugins/Runtime/Oculus/OculusVR/Shaders found
LogPluginManager: Mapping shader source directory ../../../Engine/Plugins/Runtime/Oculus/OculusVR/Shaders to virtual directory /Plugin/OculusVR
LogPluginManager: Mounting plugin PhysXVehicles
LogPluginManager: Mounting plugin ProceduralMeshComponent
LogPluginManager: Mounting plugin RuntimePhysXCooking
LogPluginManager: Mounting plugin SteamVR
LogPluginManager: Mounting plugin WindowsMoviePlayer
LogModuleManager: Display: Found up-to-date module file ../../../../Unreal Projects/MyProject/Binaries/Win64/UE4Editor-MyProject.dll (API version 3709383).
LogModuleManager: Display: Found up-to-date module file ../../../Engine/Plugins/2D/Paper2D/Binaries/Win64/UE4Editor-Paper2D.dll (API version 3709383).
LogModuleManager: Display: Found up-to-date module file ../../../Engine/Plugins/2D/Paper2D/Binaries/Win64/UE4Editor-Paper2DEditor.dll (API version 3709383).
LogModuleManager: Display: Found up-to-date module file ../../../Engine/Plugins/2D/Paper2D/Binaries/Win64/UE4Editor-PaperSpriteSheetImporter.dll (API version 3709383).
LogModuleManager: Display: Found up-to-date module file ../../../Engine/Plugins/2D/Paper2D/Binaries/Win64/UE4Editor-PaperTiledImporter.dll (API version 3709383).
LogModuleManager: Display: Found up-to-date module file ../../../Engine/Plugins/2D/Paper2D/Binaries/Win64/UE4Editor-SmartSnapping.dll (API version 3709383).
LogModuleManager: Display: Found up-to-date module file ../../../Engine/Plugins/Blendables/LightPropagationVolume/Binaries/Win64/UE4Editor-LightPropagationVolumeRuntime.dll (API version 3709383).
LogModuleManager: Display: Found up-to-date module file ../../../Engine/Plugins/Blendables/LightPropagationVolume/Binaries/Win64/UE4Editor-LightPropagationVolumeEditor.dll (API version 3709383).
LogModuleManager: Display: Found up-to-date module file ../../../Engine/Plugins/Developer/GitSourceControl/Binaries/Win64/UE4Editor-GitSourceControl.dll (API version 3709383).
LogModuleManager: Display: Found up-to-date module file ../../../Engine/Plugins/Developer/PerforceSourceControl/Binaries/Win64/UE4Editor-PerforceSourceControl.dll (API version 3709383).
LogModuleManager: Display: Found up-to-date module file ../../../Engine/Plugins/Developer/SubversionSourceControl/Binaries/Win64/UE4Editor-SubversionSourceControl.dll (API version 3709383).
LogModuleManager: Display: Found up-to-date module file ../../../Engine/Plugins/Developer/UObjectPlugin/Binaries/Win64/UE4Editor-UObjectPlugin.dll (API version 3709383).
LogModuleManager: Display: Found up-to-date module file ../../../Engine/Plugins/Developer/VisualStudioCodeSourceCodeAccess/Binaries/Win64/UE4Editor-VisualStudioCodeSourceCodeAccess.dll (API version 3709383).
LogModuleManager: Display: Found up-to-date module file ../../../Engine/Plugins/Developer/VisualStudioSourceCodeAccess/Binaries/Win64/UE4Editor-VisualStudioSourceCodeAccess.dll (API version 3709383).
LogModuleManager: Display: Found up-to-date module file ../../../Engine/Plugins/Editor/AssetManagerEditor/Binaries/Win64/UE4Editor-AssetManagerEditor.dll (API version 3709383).
LogModuleManager: Display: Found up-to-date module file ../../../Engine/Plugins/Editor/AudioCapture/Binaries/Win64/UE4Editor-AudioCapture.dll (API version 3709383).
LogModuleManager: Display: Found up-to-date module file ../../../Engine/Plugins/Editor/FacialAnimation/Binaries/Win64/UE4Editor-FacialAnimation.dll (API version 3709383).
LogModuleManager: Display: Found up-to-date module file ../../../Engine/Plugins/Editor/FacialAnimation/Binaries/Win64/UE4Editor-FacialAnimationEditor.dll (API version 3709383).
LogModuleManager: Display: Found up-to-date module file ../../../Engine/Plugins/Editor/GameplayTagsEditor/Binaries/Win64/UE4Editor-GameplayTagsEditor.dll (API version 3709383).
LogModuleManager: Display: Found up-to-date module file ../../../Engine/Plugins/Editor/MobileLauncherProfileWizard/Binaries/Win64/UE4Editor-MobileLauncherProfileWizard.dll (API version 3709383).
LogModuleManager: Display: Found up-to-date module file ../../../Engine/Plugins/Editor/PluginBrowser/Binaries/Win64/UE4Editor-PluginBrowser.dll (API version 3709383).
LogModuleManager: Display: Found up-to-date module file ../../../Engine/Plugins/Editor/SpeedTreeImporter/Binaries/Win64/UE4Editor-SpeedTreeImporter.dll (API version 3709383).
LogModuleManager: Display: Found up-to-date module file ../../../Engine/Plugins/Experimental/AlembicImporter/Binaries/Win64/UE4Editor-AlembicImporter.dll (API version 3709383).
LogModuleManager: Display: Found up-to-date module file ../../../Engine/Plugins/Experimental/AlembicImporter/Binaries/Win64/UE4Editor-AlembicLibrary.dll (API version 3709383).
LogModuleManager: Display: Found up-to-date module file ../../../Engine/Plugins/Experimental/CharacterAI/Binaries/Win64/UE4Editor-CharacterAI.dll (API version 3709383).
LogModuleManager: Display: Found up-to-date module file ../../../Engine/Plugins/Experimental/HTML5Networking/Binaries/Win64/UE4Editor-HTML5Networking.dll (API version 3709383).
LogModuleManager: Display: Found up-to-date module file ../../../Engine/Plugins/Media/AndroidMedia/Binaries/Win64/UE4Editor-AndroidMediaEditor.dll (API version 3709383).
LogModuleManager: Display: Found up-to-date module file ../../../Engine/Plugins/Media/AndroidMedia/Binaries/Win64/UE4Editor-AndroidMediaFactory.dll (API version 3709383).
LogModuleManager: Display: Found up-to-date module file ../../../Engine/Plugins/Media/AvfMedia/Binaries/Win64/UE4Editor-AvfMediaEditor.dll (API version 3709383).
LogModuleManager: Display: Found up-to-date module file ../../../Engine/Plugins/Media/AvfMedia/Binaries/Win64/UE4Editor-AvfMediaFactory.dll (API version 3709383).
LogModuleManager: Display: Found up-to-date module file ../../../Engine/Plugins/Media/AvfMedia/Binaries/Win64/UE4Editor-AvfMediaFactory.dll (API version 3709383).
LogModuleManager: Display: Found up-to-date module file ../../../Engine/Plugins/Media/ImgMedia/Binaries/Win64/UE4Editor-ImgMedia.dll (API version 3709383).
LogModuleManager: Display: Found up-to-date module file ../../../Engine/Plugins/Media/ImgMedia/Binaries/Win64/UE4Editor-ImgMediaEditor.dll (API version 3709383).
LogModuleManager: Display: Found up-to-date module file ../../../Engine/Plugins/Media/ImgMedia/Binaries/Win64/UE4Editor-ImgMediaFactory.dll (API version 3709383).
LogModuleManager: Display: Found up-to-date module file ../../../Engine/Plugins/Media/ImgMedia/Binaries/Win64/UE4Editor-ImgMediaFactory.dll (API version 3709383).
LogModuleManager: Display: Found up-to-date module file ../../../Engine/Plugins/Media/ImgMedia/Binaries/Win64/UE4Editor-OpenExrWrapper.dll (API version 3709383).
LogModuleManager: Display: Found up-to-date module file ../../../Engine/Plugins/Media/MediaCompositing/Binaries/Win64/UE4Editor-MediaCompositing.dll (API version 3709383).
LogModuleManager: Display: Found up-to-date module file ../../../Engine/Plugins/Media/MediaCompositing/Binaries/Win64/UE4Editor-MediaCompositingEditor.dll (API version 3709383).
LogModuleManager: Display: Found up-to-date module file ../../../Engine/Plugins/Media/MediaPlayerEditor/Binaries/Win64/UE4Editor-MediaPlayerEditor.dll (API version 3709383).
LogModuleManager: Display: Found up-to-date module file ../../../Engine/Plugins/Media/WmfMedia/Binaries/Win64/UE4Editor-WmfMedia.dll (API version 3709383).
LogModuleManager: Display: Found up-to-date module file ../../../Engine/Plugins/Media/WmfMedia/Binaries/Win64/UE4Editor-WmfMediaEditor.dll (API version 3709383).
LogModuleManager: Display: Found up-to-date module file ../../../Engine/Plugins/Media/WmfMedia/Binaries/Win64/UE4Editor-WmfMediaFactory.dll (API version 3709383).
LogModuleManager: Display: Found up-to-date module file ../../../Engine/Plugins/Media/WmfMedia/Binaries/Win64/UE4Editor-WmfMediaFactory.dll (API version 3709383).
LogModuleManager: Display: Found up-to-date module file ../../../Engine/Plugins/Messaging/TcpMessaging/Binaries/Win64/UE4Editor-TcpMessaging.dll (API version 3709383).
LogModuleManager: Display: Found up-to-date module file ../../../Engine/Plugins/Messaging/UdpMessaging/Binaries/Win64/UE4Editor-UdpMessaging.dll (API version 3709383).
LogModuleManager: Display: Found up-to-date module file ../../../Engine/Plugins/MovieScene/ActorSequence/Binaries/Win64/UE4Editor-ActorSequence.dll (API version 3709383).
LogModuleManager: Display: Found up-to-date module file ../../../Engine/Plugins/MovieScene/LevelSequenceEditor/Binaries/Win64/UE4Editor-LevelSequenceEditor.dll (API version 3709383).
LogModuleManager: Display: Found up-to-date module file ../../../Engine/Plugins/MovieScene/MatineeToLevelSequence/Binaries/Win64/UE4Editor-MatineeToLevelSequence.dll (API version 3709383).
LogModuleManager: Display: Found up-to-date module file ../../../Engine/Plugins/Online/OnlineSubsystem/Binaries/Win64/UE4Editor-OnlineSubsystem.dll (API version 3709383).
LogModuleManager: Display: Found up-to-date module file ../../../Engine/Plugins/Online/OnlineSubsystemNull/Binaries/Win64/UE4Editor-OnlineSubsystemNull.dll (API version 3709383).
LogModuleManager: Display: Found up-to-date module file ../../../Engine/Plugins/Online/OnlineSubsystemUtils/Binaries/Win64/UE4Editor-OnlineSubsystemUtils.dll (API version 3709383).
LogModuleManager: Display: Found up-to-date module file ../../../Engine/Plugins/Online/OnlineSubsystemUtils/Binaries/Win64/UE4Editor-OnlineBlueprintSupport.dll (API version 3709383).
LogModuleManager: Display: Found up-to-date module file ../../../Engine/Plugins/Runtime/AndroidDeviceProfileSelector/Binaries/Win64/UE4Editor-AndroidDeviceProfileSelector.dll (API version 3709383).
LogModuleManager: Display: Found up-to-date module file ../../../Engine/Plugins/Runtime/AndroidPermission/Binaries/Win64/UE4Editor-AndroidPermission.dll (API version 3709383).
LogModuleManager: Display: Found up-to-date module file ../../../Engine/Plugins/Runtime/AppleARKit/Binaries/Win64/UE4Editor-AppleARKit.dll (API version 3709383).
LogModuleManager: Display: Found up-to-date module file ../../../Engine/Plugins/Runtime/ArchVisCharacter/Binaries/Win64/UE4Editor-ArchVisCharacter.dll (API version 3709383).
LogModuleManager: Display: Found up-to-date module file ../../../Engine/Plugins/Runtime/CableComponent/Binaries/Win64/UE4Editor-CableComponent.dll (API version 3709383).
LogModuleManager: Display: Found up-to-date module file ../../../Engine/Plugins/Runtime/CustomMeshComponent/Binaries/Win64/UE4Editor-CustomMeshComponent.dll (API version 3709383).
LogModuleManager: Display: Found up-to-date module file ../../../Engine/Plugins/Runtime/ExampleDeviceProfileSelector/Binaries/Win64/UE4Editor-ExampleDeviceProfileSelector.dll (API version 3709383).
LogModuleManager: Display: Found up-to-date module file ../../../Engine/Plugins/Runtime/ImmediatePhysics/Binaries/Win64/UE4Editor-ImmediatePhysics.dll (API version 3709383).
LogModuleManager: Display: Found up-to-date module file ../../../Engine/Plugins/Runtime/ImmediatePhysics/Binaries/Win64/UE4Editor-ImmediatePhysicsEditor.dll (API version 3709383).
LogModuleManager: Display: Found up-to-date module file ../../../Engine/Plugins/Runtime/LocationServicesBPLibrary/Binaries/Win64/UE4Editor-LocationServicesBPLibrary.dll (API version 3709383).
LogModuleManager: Display: Found up-to-date module file ../../../Engine/Plugins/Runtime/MobilePatchingUtils/Binaries/Win64/UE4Editor-MobilePatchingUtils.dll (API version 3709383).
LogModuleManager: Display: Found up-to-date module file ../../../Engine/Plugins/Runtime/Oculus/OculusVR/Binaries/Win64/UE4Editor-OculusHMD.dll (API version 3709383).
LogModuleManager: Display: Found up-to-date module file ../../../Engine/Plugins/Runtime/Oculus/OculusVR/Binaries/Win64/UE4Editor-OculusInput.dll (API version 3709383).
LogModuleManager: Display: Found up-to-date module file ../../../Engine/Plugins/Runtime/Oculus/OculusVR/Binaries/Win64/UE4Editor-OculusEditor.dll (API version 3709383).
LogModuleManager: Display: Found up-to-date module file ../../../Engine/Plugins/Runtime/PhysXVehicles/Binaries/Win64/UE4Editor-PhysXVehicles.dll (API version 3709383).
LogModuleManager: Display: Found up-to-date module file ../../../Engine/Plugins/Runtime/PhysXVehicles/Binaries/Win64/UE4Editor-PhysXVehiclesEditor.dll (API version 3709383).
LogModuleManager: Display: Found up-to-date module file ../../../Engine/Plugins/Runtime/ProceduralMeshComponent/Binaries/Win64/UE4Editor-ProceduralMeshComponent.dll (API version 3709383).
LogModuleManager: Display: Found up-to-date module file ../../../Engine/Plugins/Runtime/ProceduralMeshComponent/Binaries/Win64/UE4Editor-ProceduralMeshComponentEditor.dll (API version 3709383).
LogModuleManager: Display: Found up-to-date module file ../../../Engine/Plugins/Runtime/RuntimePhysXCooking/Binaries/Win64/UE4Editor-RuntimePhysXCooking.dll (API version 3709383).
LogModuleManager: Display: Found up-to-date module file ../../../Engine/Plugins/Runtime/Steam/SteamVR/Binaries/Win64/UE4Editor-SteamVR.dll (API version 3709383).
LogModuleManager: Display: Found up-to-date module file ../../../Engine/Plugins/Runtime/Steam/SteamVR/Binaries/Win64/UE4Editor-SteamVRController.dll (API version 3709383).
LogModuleManager: Display: Found up-to-date module file ../../../Engine/Plugins/Runtime/WindowsMoviePlayer/Binaries/Win64/UE4Editor-WindowsMoviePlayer.dll (API version 3709383).
LogInit: Using libcurl 7.47.1
LogInit:  - built for x86_64-pc-win32
LogInit:  - supports SSL with OpenSSL/1.0.2g
LogInit:  - supports HTTP deflate (compression) using libz 1.2.8
LogInit:  - other features:
LogInit:      CURL_VERSION_SSL
LogInit:      CURL_VERSION_LIBZ
LogInit:      CURL_VERSION_IPV6
LogInit:      CURL_VERSION_ASYNCHDNS
LogInit:      CURL_VERSION_LARGEFILE
LogInit:      CURL_VERSION_IDN
LogInit:  CurlRequestOptions (configurable via config and command line):
LogInit:  - bVerifyPeer = false  - Libcurl will NOT verify peer certificate
LogInit:  - bUseHttpProxy = false  - Libcurl will NOT use HTTP proxy
LogInit:  - bDontReuseConnections = false  - Libcurl will reuse connections
LogInit:  - CertBundlePath = nullptr  - Libcurl will use whatever was configured at build time.
LogInit: Build: ++UE4+Release-4.18-CL-3832480
LogInit: Engine Version: 4.18.3-3832480+++UE4+Release-4.18
LogInit: Compatible Engine Version: 4.18.0-3709383+++UE4+Release-4.18
LogInit: Net CL: 3709383
LogDevObjectVersion: Number of dev versions registered: 16
LogDevObjectVersion:   Dev-Blueprints (B0D832E4-1F89-4F0D-ACCF-7EB736FD4AA2): 10
LogDevObjectVersion:   Dev-Build (E1C64328-A22C-4D53-A36C-8E866417BD8C): 0
LogDevObjectVersion:   Dev-Core (375EC13C-06E4-48FB-B500-84F0262A717E): 2
LogDevObjectVersion:   Dev-Editor (E4B068ED-F494-42E9-A231-DA0B2E46BB41): 20
LogDevObjectVersion:   Dev-Framework (CFFC743F-43B0-4480-9391-14DF171D2073): 30
LogDevObjectVersion:   Dev-Mobile (B02B49B5-BB20-44E9-A304-32B752E40360): 0
LogDevObjectVersion:   Dev-Networking (A4E4105C-59A1-49B5-A7C5-40C4547EDFEE): 0
LogDevObjectVersion:   Dev-Online (39C831C9-5AE6-47DC-9A44-9C173E1C8E7C): 0
LogDevObjectVersion:   Dev-Physics (78F01B33-EBEA-4F98-B9B4-84EACCB95AA2): 0
LogDevObjectVersion:   Dev-Platform (6631380F-2D4D-43E0-8009-CF276956A95A): 0
LogDevObjectVersion:   Dev-Rendering (12F88B9F-8875-4AFC-A67C-D90C383ABD29): 20
LogDevObjectVersion:   Dev-Sequencer (7B5AE74C-D270-4C10-A958-57980B212A5A): 4
LogDevObjectVersion:   Dev-VR (D7296918-1DD6-4BDD-9DE2-64A83CC13884): 0
LogDevObjectVersion:   Dev-LoadTimes (C2A15278-BFE7-4AFE-6C17-90FF531DF755): 1
LogDevObjectVersion:   Private-Geometry (6EACA3D4-40EC-4CC1-B786-8BED09428FC5): 1
LogDevObjectVersion:   Dev-AnimPhys (29E575DD-E0A3-4627-9D10-D276232CDCEA): 12
LogInit: Compiled (64-bit): Jan 12 2018 02:04:55
LogInit: Compiled with Visual C++: 19.00.24215.01
LogInit: Build Configuration: Development
LogInit: Branch Name: ++UE4+Release-4.18
LogInit: Command line:  
LogInit: Base directory: E:/Game/UE_4.18/Engine/Binaries/Win64/
LogInit: Installed Engine Build: 1
LogInit: Presizing for max 8388607 objects, including 0 objects not considered by GC, pre-allocating 0 bytes for permanent pool.
LogInit: Object subsystem initialized
[2018.04.25-16.40.56:051][  0]LogInit: Selected Device Profile: [Windows]
[2018.04.25-16.40.56:051][  0]LogInit: Applying CVar settings loaded from the selected device profile: [Windows]
[2018.04.25-16.40.56:063][  0]LogInit: Computer: WHIT-MAC-B13
[2018.04.25-16.40.56:063][  0]LogInit: User: Game
[2018.04.25-16.40.56:063][  0]LogInit: CPU Page size=4096, Cores=4
[2018.04.25-16.40.56:063][  0]LogInit: High frequency timer resolution =3.410074 MHz
[2018.04.25-16.40.56:063][  0]LogMemory: Memory total: Physical=15.9GB (16GB approx)
[2018.04.25-16.40.56:063][  0]LogMemory: Platform Memory Stats for Windows
[2018.04.25-16.40.56:063][  0]LogMemory: Process Physical Memory: 272.75 MB used, 272.75 MB peak
[2018.04.25-16.40.56:063][  0]LogMemory: Process Virtual Memory: 271.69 MB used, 271.69 MB peak
[2018.04.25-16.40.56:063][  0]LogMemory: Physical Memory: 5182.42 MB used,  11117.97 MB free, 16300.39 MB total
[2018.04.25-16.40.56:063][  0]LogMemory: Virtual Memory: 684.31 MB used,  11117.97 MB free, 134217728.00 MB total
[2018.04.25-16.40.56:167][  0]LogInit: Using OS detected language (en-US).
[2018.04.25-16.40.56:167][  0]LogInit: Using OS detected locale (en-US).
[2018.04.25-16.40.56:171][  0]LogTextLocalizationManager: No specific localization for 'en-US' exists, so the 'en' localization will be used.
[2018.04.25-16.40.56:576][  0]LogInit: Setting process to per monitor DPI aware
[2018.04.25-16.40.56:928][  0]LogD3D11RHI: D3D11 adapters:
[2018.04.25-16.40.57:002][  0]LogD3D11RHI:    0. 'NVIDIA GeForce GTX 1080' (Feature Level 11_0)
[2018.04.25-16.40.57:002][  0]LogD3D11RHI:       8086/0/8150 MB DedicatedVideo/DedicatedSystem/SharedSystem, Outputs:1, VendorId:0x10de
[2018.04.25-16.40.57:004][  0]LogD3D11RHI:    1. 'Microsoft Basic Render Driver' (Feature Level 11_0)
[2018.04.25-16.40.57:004][  0]LogD3D11RHI:       0/0/8150 MB DedicatedVideo/DedicatedSystem/SharedSystem, Outputs:0, VendorId:0x1414
[2018.04.25-16.40.57:004][  0]LogD3D11RHI: Chosen D3D11 Adapter: 0
[2018.04.25-16.40.57:011][  0]LogD3D11RHI: Creating new Direct3DDevice
[2018.04.25-16.40.57:011][  0]LogD3D11RHI:     GPU DeviceId: 0x1b80 (for the marketing name, search the web for "GPU Device Id")
[2018.04.25-16.40.57:011][  0]LogWindows: EnumDisplayDevices:
[2018.04.25-16.40.57:011][  0]LogWindows:    0. 'NVIDIA GeForce GTX 1080' (P:1 D:1)
[2018.04.25-16.40.57:011][  0]LogWindows:    1. 'NVIDIA GeForce GTX 1080' (P:0 D:0)
[2018.04.25-16.40.57:011][  0]LogWindows:    2. 'NVIDIA GeForce GTX 1080' (P:0 D:0)
[2018.04.25-16.40.57:011][  0]LogWindows:    3. 'NVIDIA GeForce GTX 1080' (P:0 D:0)
[2018.04.25-16.40.57:011][  0]LogWindows: DebugString: GetVideoDriverDetailsInvalid PrimaryIsNotTheChoosenAdapter GetVideoDriverDetailsInvalid PrimaryIsNotTheChoosenAdapter GetVideoDriverDetailsInvalid PrimaryIsNotTheChoosenAdapter GetVideoDriverDetailsInvalid PrimaryIsNotTheChoosenAdapter FoundDriverCount:0 
[2018.04.25-16.40.57:011][  0]LogD3D11RHI:     Adapter Name: NVIDIA GeForce GTX 1080
[2018.04.25-16.40.57:011][  0]LogD3D11RHI:   Driver Version: Unknown (internal:Unknown, unified:Unknown)
[2018.04.25-16.40.57:011][  0]LogD3D11RHI:      Driver Date: Unknown
[2018.04.25-16.40.57:011][  0]LogRHI: Texture pool is 5660 MB (70% of 8086 MB)
[2018.04.25-16.40.57:036][  0]LogD3D11RHI: Async texture creation enabled
[2018.04.25-16.40.57:048][  0]LogD3D11RHI: GPU Timing Frequency: 1000.000000 (Debug: 2 1)
[2018.04.25-16.40.57:096][  0]LogShaderCompilers: Guid format shader working directory is 8 characters bigger than the processId version (../../../../Unreal Projects/MyProject/Intermediate/Shaders/WorkingDirectory/8908/).
[2018.04.25-16.40.57:096][  0]LogShaderCompilers: Cleaned the shader compiler working directory 'C:/Users/Game/AppData/Local/Temp/UnrealShaderWorkingDir/899C91CB46F88A97A6BEC0A8DF97475B/'.
[2018.04.25-16.40.57:096][  0]LogShaderCompilers: Display: Using Local Shader Compiler.
[2018.04.25-16.40.57:995][  0]LogTemp: Display: Loaded TP AllDesktopTargetPlatform
[2018.04.25-16.40.58:040][  0]LogTemp: Display: Loaded TP MacClientTargetPlatform
[2018.04.25-16.40.58:084][  0]LogTemp: Display: Loaded TP MacNoEditorTargetPlatform
[2018.04.25-16.40.58:127][  0]LogTemp: Display: Loaded TP MacServerTargetPlatform
[2018.04.25-16.40.58:174][  0]LogTemp: Display: Loaded TP MacTargetPlatform
[2018.04.25-16.40.58:218][  0]LogTemp: Display: Loaded TP WindowsClientTargetPlatform
[2018.04.25-16.40.58:269][  0]LogTemp: Display: Loaded TP WindowsNoEditorTargetPlatform
[2018.04.25-16.40.58:312][  0]LogTemp: Display: Loaded TP WindowsServerTargetPlatform
[2018.04.25-16.40.58:349][  0]LogTemp: Display: Loaded TP WindowsTargetPlatform
[2018.04.25-16.40.58:391][  0]LogTemp: Display: Loaded TP Android_ASTCTargetPlatform
[2018.04.25-16.40.58:439][  0]LogTemp: Display: Loaded TP Android_ATCTargetPlatform
[2018.04.25-16.40.58:485][  0]LogTemp: Display: Loaded TP Android_DXTTargetPlatform
[2018.04.25-16.40.58:527][  0]LogTemp: Display: Loaded TP Android_ETC1TargetPlatform
[2018.04.25-16.40.58:576][  0]LogTemp: Display: Loaded TP Android_ETC2TargetPlatform
[2018.04.25-16.40.58:663][  0]LogTemp: Display: Loaded TP Android_MultiTargetPlatform
[2018.04.25-16.40.58:663][  0]LogTemp: Display: Loaded TP Android_PVRTCTargetPlatform
[2018.04.25-16.40.58:709][  0]LogTemp: Display: Loaded TP AndroidTargetPlatform
[2018.04.25-16.40.58:742][  0]LogTemp: Display: Loaded TP HTML5TargetPlatform
[2018.04.25-16.40.58:819][  0]LogTemp: Display: Loaded TP IOSTargetPlatform
[2018.04.25-16.40.58:841][  0]LogTemp: Display: Loaded TP TVOSTargetPlatform
[2018.04.25-16.40.58:894][  0]LogTemp: Display: Loaded TP LinuxClientTargetPlatform
[2018.04.25-16.40.58:945][  0]LogTemp: Display: Loaded TP LinuxNoEditorTargetPlatform
[2018.04.25-16.40.59:002][  0]LogTemp: Display: Loaded TP LinuxServerTargetPlatform
[2018.04.25-16.40.59:055][  0]LogTemp: Display: Loaded TP LinuxTargetPlatform
[2018.04.25-16.40.59:056][  0]LogTargetPlatformManager: Display: Building Assets For Windows
[2018.04.25-16.40.59:448][  0]LogDerivedDataCache: Display: Max Cache Size: 512 MB
[2018.04.25-16.40.59:528][  0]LogDerivedDataCache: Loaded boot cache 0.08s 78MB C:/Users/Game/AppData/Local/UnrealEngine/4.18/DerivedDataCache/Boot.ddc.
[2018.04.25-16.40.59:528][  0]LogDerivedDataCache: Display: Loaded Boot cache: C:/Users/Game/AppData/Local/UnrealEngine/4.18/DerivedDataCache/Boot.ddc
[2018.04.25-16.40.59:528][  0]LogDerivedDataCache: FDerivedDataBackendGraph:  Pak pak cache file ../../../../Unreal Projects/MyProject/DerivedDataCache/DDC.ddp not found, will not use a pak cache.
[2018.04.25-16.40.59:528][  0]LogDerivedDataCache: Unable to find inner node Pak for hierarchical cache Hierarchy.
[2018.04.25-16.40.59:528][  0]LogDerivedDataCache: FDerivedDataBackendGraph:  CompressedPak pak cache file ../../../../Unreal Projects/MyProject/DerivedDataCache/Compressed.ddp not found, will not use a pak cache.
[2018.04.25-16.40.59:528][  0]LogDerivedDataCache: Unable to find inner node CompressedPak for hierarchical cache Hierarchy.
[2018.04.25-16.40.59:544][  0]LogDerivedDataCache: Display: Pak cache opened for reading ../../../Engine/DerivedDataCache/Compressed.ddp.
[2018.04.25-16.40.59:556][  0]LogDerivedDataCache: Using Local data cache path C:/Users/Game/AppData/Local/UnrealEngine/Common/DerivedDataCache: Writable
[2018.04.25-16.40.59:566][  0]LogMaterial: Verifying Global Shaders for PCD3D_SM5
[2018.04.25-16.40.59:566][  0]LogSlate: Using Freetype 2.6.0
[2018.04.25-16.40.59:567][  0]LogSlate: SlateFontCache - WITH_FREETYPE: 1, WITH_HARFBUZZ: 1
[2018.04.25-16.40.59:567][  0]LogSlate: SlateFontCache - WITH_FREETYPE: 1, WITH_HARFBUZZ: 1
[2018.04.25-16.40.59:939][  0]LogInit: Selected Device Profile: [Windows]
[2018.04.25-16.41.00:241][  0]LogSimplygon: Simplygon DLL not present - disabling.
[2018.04.25-16.41.00:277][  0]LogMeshReduction: Using SimplygonSwarm for distributed automatic mesh merging
[2018.04.25-16.41.00:277][  0]LogMeshReduction: Using QuadricMeshReduction for automatic static mesh reduction
[2018.04.25-16.41.00:277][  0]LogMeshReduction: No automatic skeletal mesh reduction module available
[2018.04.25-16.41.00:277][  0]LogMeshReduction: No automatic mesh merging module available
[2018.04.25-16.41.00:277][  0]LogMeshMerging: No automatic mesh merging module available
[2018.04.25-16.41.00:309][  0]LogNetVersion: MyProject , NetCL: 3709383, EngineNetVer: 2, GameNetVer: 0 (Checksum: 1490074681)
[2018.04.25-16.41.00:464][  0]LogAssetRegistry: FAssetRegistry took 0.0262 seconds to start up
[2018.04.25-16.41.00:958][  0]LogPackageLocalizationCache: Processed 7 localized package path(s) for 2 prioritized culture(s) in 0.076795 seconds
[2018.04.25-16.41.00:965][  0]LogUObjectArray: 35870 objects as part of root set at end of initial load.
[2018.04.25-16.41.00:965][  0]LogUObjectAllocator: 7363696 out of 0 bytes used by permanent object pool.
[2018.04.25-16.41.00:965][  0]LogUObjectArray: CloseDisregardForGC: 0/0 objects in disregard for GC pool
[2018.04.25-16.41.01:007][  0]LogInit: WinSock: version 1.1 (2.2), MaxSocks=32767, MaxUdp=65467
[2018.04.25-16.41.03:672][  0]LogTcpMessaging: Initializing TcpMessaging bridge
[2018.04.25-16.41.03:713][  0]LogUdpMessaging: Initializing bridge on interface 0.0.0.0:0 to multicast group 230.0.0.1:6666.
[2018.04.25-16.41.04:426][  0]LogMaterial: Uniform references updated for custom material expression Custom.
[2018.04.25-16.41.04:824][  0]SourceControl: Source control is disabled
[2018.04.25-16.41.04:824][  0]SourceControl: Source control is disabled
[2018.04.25-16.41.04:881][  0]SourceControl: Source control is disabled
[2018.04.25-16.41.04:935][  0]SourceControl: Source control is disabled
[2018.04.25-16.41.05:761][  0]LogAndroidPermission: UAndroidPermissionCallbackProxy::GetInstance
[2018.04.25-16.41.06:030][  0]LogOcInput: OculusInput pre-init called
[2018.04.25-16.41.06:279][  0]LogEngine: Initializing Engine...
[2018.04.25-16.41.06:282][  0]LogHMD: Failed to initialize OpenVR with code 110
[2018.04.25-16.41.06:498][  0]LogStats: UGameplayTagsManager::ConstructGameplayTagTree: Construct from data asset -  0.000 s
[2018.04.25-16.41.06:498][  0]LogStats: UGameplayTagsManager::ConstructGameplayTagTree: GameplayTagTreeChangedEvent.Broadcast -  0.000 s
[2018.04.25-16.41.06:617][  0]LogAIModule: Creating AISystem for world Untitled
[2018.04.25-16.41.06:627][  0]LogInit: XAudio2 using 'Speakers (Realtek High Definition Audio)' : 2 channels at 48 kHz using 32 bits per sample (channel mask 0x3)
[2018.04.25-16.41.06:659][  0]LogInit: FAudioDevice initialized.
[2018.04.25-16.41.06:717][  0]LogDerivedDataCache: Saved boot cache 0.06s 78MB C:/Users/Game/AppData/Local/UnrealEngine/4.18/DerivedDataCache/Boot.ddc.
[2018.04.25-16.41.06:730][  0]LogInit: Texture streaming: Enabled
[2018.04.25-16.41.06:799][  0]LogEngineSessionManager: EngineSessionManager initialized
[2018.04.25-16.41.06:914][  0]LogInit: Transaction tracking system initialized
[2018.04.25-16.41.07:191][  0]BlueprintLog: New page: Editor Load
[2018.04.25-16.41.07:981][  0]LocalizationService: Localization service is disabled
[2018.04.25-16.41.08:640][  0]LogConsoleResponse: Display: 
[2018.04.25-16.41.08:835][  0]LogCook: Display: Max memory allowance for cook 16384mb min free memory 0mb
[2018.04.25-16.41.08:835][  0]LogCook: Display: Mobile HDR setting 1
[2018.04.25-16.41.08:835][  0]LogGameplayTags: Display: UGameplayTagsManager::DoneAddingNativeTags. DelegateIsBound: 0
[2018.04.25-16.41.09:874][  0]LogFileCache: Scanning file cache for directory 'E:/Game/Unreal Projects/MyProject/Content/' took 0.01s
[2018.04.25-16.41.09:915][  0]SourceControl: Source control is disabled
[2018.04.25-16.41.09:915][  0]Cmd: MAP LOAD FILE="../../../../Unreal Projects/MyProject/Content/Maps/OverworldLevel1.umap" TEMPLATE=0 SHOWPROGRESS=1 FEATURELEVEL=3
[2018.04.25-16.41.09:957][  0]LightingResults: New page: Lighting Build
[2018.04.25-16.41.10:150][  0]MapCheck: New page: Map Check
[2018.04.25-16.41.10:150][  0]LightingResults: New page: Lighting Build
[2018.04.25-16.41.11:210][  0]LogTexture: Display: Building textures: MainCharacterIdleRightWalk0005 (BGRA8, 1500X1917)
[2018.04.25-16.41.11:210][  0]LogTexture: Display: Building textures: MainCharacterIdleRightWalk0004 (BGRA8, 1500X1917)
[2018.04.25-16.41.11:210][  0]LogTexture: Display: Building textures: MainCharacterIdleRightWalk0002 (BGRA8, 1500X1917)
[2018.04.25-16.41.11:210][  0]LogTexture: Display: Building textures: MainCharacterIdleRightWalk0001 (BGRA8, 1500X1917)
[2018.04.25-16.41.11:210][  0]LogTexture: Display: Building textures: MainCharacterIdleRightWalk0003 (BGRA8, 1500X1917)
[2018.04.25-16.41.11:210][  0]LogTexture: Display: Building textures: MainCharacterIdleRightWalk0006 (BGRA8, 1500X1917)
[2018.04.25-16.41.11:553][  0]LogTexture: Display: Building textures: MainCharacterIdleRightWalk0019 (BGRA8, 1500X1917)
[2018.04.25-16.41.11:553][  0]LogTexture: Display: Building textures: MainCharacterIdleRightWalk0018 (BGRA8, 1500X1917)
[2018.04.25-16.41.11:553][  0]LogTexture: Display: Building textures: MainCharacterIdleRightWalk0017 (BGRA8, 1500X1917)
[2018.04.25-16.41.11:553][  0]LogTexture: Display: Building textures: MainCharacterIdleRightWalk0016 (BGRA8, 1500X1917)
[2018.04.25-16.41.11:554][  0]LogTexture: Display: Building textures: MainCharacterIdleRightWalk0015 (BGRA8, 1500X1917)
[2018.04.25-16.41.11:554][  0]LogTexture: Display: Building textures: MainCharacterIdleRightWalk0014 (BGRA8, 1500X1917)
[2018.04.25-16.41.11:554][  0]LogMaterial: Missing cached shader map for material OverworldAI, compiling. 
[2018.04.25-16.41.12:149][  0]LogTexture: Display: Building textures: MainCharacterIdleRightWalk0013 (BGRA8, 1500X1917)
[2018.04.25-16.41.12:149][  0]LogTexture: Display: Building textures: MainCharacterIdleRightWalk0012 (BGRA8, 1500X1917)
[2018.04.25-16.41.12:149][  0]LogTexture: Display: Building textures: MainCharacterIdleRightWalk0011 (BGRA8, 1500X1917)
[2018.04.25-16.41.12:149][  0]LogTexture: Display: Building textures: MainCharacterIdleRightWalk0010 (BGRA8, 1500X1917)
[2018.04.25-16.41.12:150][  0]LogTexture: Display: Building textures: MainCharacterIdleRightWalk0009 (BGRA8, 1500X1917)
[2018.04.25-16.41.12:150][  0]LogTexture: Display: Building textures: MainCharacterIdleRightWalk0008 (BGRA8, 1500X1917)
[2018.04.25-16.41.12:150][  0]LogTexture: Display: Building textures: MainCharacterIdleRightWalk0007 (BGRA8, 1500X1917)
[2018.04.25-16.41.12:193][  0]LogAIModule: Creating AISystem for world OverworldLevel1
[2018.04.25-16.41.12:583][  0]LogEditorServer: Finished looking for orphan Actors (0.000 secs)
[2018.04.25-16.41.12:726][  0]Cmd: MAP CHECKDEP NOCLEARLOG
[2018.04.25-16.41.12:798][  0]MapCheck: Map check complete: 0 Error(s), 0 Warning(s), took 71.862ms to complete.
[2018.04.25-16.41.12:798][  0]LogFileHelpers: Loading map 'OverworldLevel1' took 2.883
[2018.04.25-16.41.13:003][  0]LogCollectionManager: Loaded 0 collections in 0.001033 seconds
[2018.04.25-16.41.13:122][  0]LogFileCache: Scanning file cache for directory 'E:/Game/Unreal Projects/MyProject/Saved/Collections/' took 0.01s
[2018.04.25-16.41.13:122][  0]LogFileCache: Scanning file cache for directory 'E:/Game/Unreal Projects/MyProject/Content/Developers/Game/Collections/' took 0.01s
[2018.04.25-16.41.13:122][  0]LogFileCache: Scanning file cache for directory 'E:/Game/Unreal Projects/MyProject/Content/Collections/' took 0.01s
[2018.04.25-16.41.13:122][  0]LogCollectionManager: Rebuilt the GUID cache for 0 collections in 0.000000 seconds
[2018.04.25-16.41.13:131][  0]LogContentBrowser: Native class hierarchy populated in 0.0090 seconds. Added 2367 classes and 524 folders.
[2018.04.25-16.41.13:190][  0]LogContentBrowser: Native class hierarchy updated for 'WidgetCarousel' in 0.0011 seconds. Added 0 classes and 0 folders.
[2018.04.25-16.41.13:253][  0]LogContentBrowser: Native class hierarchy updated for 'AddContentDialog' in 0.0011 seconds. Added 0 classes and 0 folders.
[2018.04.25-16.41.13:279][  0]LogSlate: Took 0.000308 seconds to synchronously load lazily loaded font '../../../Engine/Content/Slate/Fonts/Roboto-Regular.ttf' (155K)
[2018.04.25-16.41.13:285][  0]LogSlate: Took 0.000293 seconds to synchronously load lazily loaded font '../../../Engine/Content/Slate/Fonts/Roboto-Bold.ttf' (160K)
[2018.04.25-16.41.13:288][  0]LogSlate: Took 0.000226 seconds to synchronously load lazily loaded font '../../../Engine/Content/Editor/Slate/Fonts/FontAwesome.ttf' (139K)
[2018.04.25-16.41.13:453][  0]LogRenderer: Reallocating scene render targets to support 2024x812 Format 10 NumSamples 1 (Frame:1).
[2018.04.25-16.41.13:716][  0]LogContentBrowser: Native class hierarchy updated for 'HierarchicalLODOutliner' in 0.0019 seconds. Added 1 classes and 2 folders.
[2018.04.25-16.41.13:717][  0]LogLoad: (Engine Initialization) Total time: 20.84 seconds
[2018.04.25-16.41.13:717][  0]LogLoad: (Engine Initialization) Total Blueprint compile time: 0.00 seconds
[2018.04.25-16.41.13:717][  0]LogExternalProfiler: No external profilers were discovered.  External profiling features will not be available.
[2018.04.25-16.41.14:137][  0]LogContentStreaming: Texture pool size now 1000 MB
[2018.04.25-16.41.14:403][  1]LogAssetRegistry: Asset discovery search completed in 13.9610 seconds
[2018.04.25-16.41.14:405][  1]LogCollectionManager: Rebuilt the object cache for 0 collections in 0.000001 seconds (found 0 objects)
[2018.04.25-16.41.14:405][  1]LogCollectionManager: Fixed up redirectors for 0 collections in 0.000067 seconds (updated 0 objects)
[2018.04.25-16.41.18:741][ 14]LogEditorViewport: Clicking Background
[2018.04.25-16.41.46:760][116]LogVSAccessor: Warning: Couldn't access Visual Studio
[2018.04.25-16.41.46:767][116]Candidate modules for hot reload:
[2018.04.25-16.41.46:767][116]  MyProject
[2018.04.25-16.41.46:767][116]Launching UnrealBuildTool... [E:/Game/UE_4.18/Engine/Binaries/DotNET/UnrealBuildTool.exe MyProject -ModuleWithSuffix MyProject 4435 Win64 Development -editorrecompile -canskiplink "E:/Game/Unreal Projects/MyProject/MyProject.uproject" ]
[2018.04.25-16.41.46:770][116]Warning: Starting HotReload took  0.1s.
[2018.04.25-16.41.52:753][821]CompilerResultsLog: New page: Compilation - Apr 25, 2018, 2:41:52 AM
[2018.04.25-16.41.52:753][821]CompilerResultsLog: Creating makefile for hot reloading MyProject (modules to compile have changed)
[2018.04.25-16.41.52:753][821]CompilerResultsLog: Compiling game modules for hot reload
[2018.04.25-16.41.52:753][821]CompilerResultsLog: Target is up to date
[2018.04.25-16.41.52:753][821]CompilerResultsLog: Total build time: 5.73 seconds (NoActionsToExecute executor: 0.00 seconds)
[2018.04.25-16.41.52:753][821]LogMainFrame: MainFrame: Module compiling took 5.993 seconds
[2018.04.25-16.41.52:771][821]LogContentBrowser: Native class hierarchy populated in 0.0094 seconds. Added 2368 classes and 526 folders.
[2018.04.25-16.41.52:785][821]Display: HotReload took  6.1s.
[2018.04.25-16.41.59:603][601]LogEditorViewport: Clicking on Actor (LMB): OverworldAI_C (OverworldAI)
[2018.04.25-16.42.02:385][883]Cmd: DELETE
[2018.04.25-16.42.02:385][883]Cmd: ACTOR DELETE
[2018.04.25-16.42.02:502][883]LogEditorActor: Deleted Actor: OverworldAI_C
[2018.04.25-16.42.02:544][883]LogEditorActor: Deleted 1 Actors (0.117 secs)
[2018.04.25-16.43.16:062][690]LogTemp: Repeating last play command: Selected Viewport
[2018.04.25-16.43.16:137][690]LogPlayLevel: PlayLevel: No blueprints needed recompiling
[2018.04.25-16.43.16:137][690]PIE: New page: PIE session: OverworldLevel1 (Apr 25, 2018, 2:43:16 AM)
[2018.04.25-16.43.16:137][690]LogPlayLevel: Creating play world package: /Game/Maps/UEDPIE_0_OverworldLevel1
[2018.04.25-16.43.16:144][690]LogPlayLevel: PIE: StaticDuplicateObject took: (0.006276s)
[2018.04.25-16.43.16:144][690]LogAIModule: Creating AISystem for world OverworldLevel1
[2018.04.25-16.43.16:145][690]LogPlayLevel: PIE: World Init took: (0.000696s)
[2018.04.25-16.43.16:145][690]LogPlayLevel: PIE: Created PIE world by copying editor world from /Game/Maps/OverworldLevel1.OverworldLevel1 to /Game/Maps/UEDPIE_0_OverworldLevel1.OverworldLevel1 (0.007305s)
[2018.04.25-16.43.16:167][690]LogInit: XAudio2 using 'Speakers (Realtek High Definition Audio)' : 2 channels at 48 kHz using 32 bits per sample (channel mask 0x3)
[2018.04.25-16.43.16:178][690]LogInit: FAudioDevice initialized.
[2018.04.25-16.43.16:237][690]LogLoad: Game class is 'GameModeBase'
[2018.04.25-16.43.16:270][690]LogWorld: Bringing World /Game/Maps/UEDPIE_0_OverworldLevel1.OverworldLevel1 up for play (max tick rate 0) at 2018.04.25-09.43.16
[2018.04.25-16.43.16:271][690]LogWorld: Bringing up level for play took: 0.003225
[2018.04.25-16.43.16:424][690]LogContentBrowser: Native class hierarchy updated for 'MovieSceneCapture' in 0.0012 seconds. Added 11 classes and 0 folders.
[2018.04.25-16.43.16:425][690]PIE: Play in editor start time for /Game/Maps/UEDPIE_0_OverworldLevel1 -0.623
[2018.04.25-16.43.33:350][677]LogEditorViewport: Clicking on Actor (LMB): OverworldAI_C (OverworldAI)
[2018.04.25-16.43.34:326][782]LogSlate: Took 0.017996 seconds to synchronously load lazily loaded font '../../../Engine/Content/Editor/Slate/Fonts/Roboto-Italic.ttf' (157K)
[2018.04.25-16.43.38:254][250]LogTemp: Repeating last play command: Selected Viewport
[2018.04.25-16.43.38:267][250]LogPlayLevel: PlayLevel: No blueprints needed recompiling
[2018.04.25-16.43.38:267][250]PIE: New page: PIE session: OverworldLevel1 (Apr 25, 2018, 2:43:38 AM)
[2018.04.25-16.43.38:268][250]LogPlayLevel: Creating play world package: /Game/Maps/UEDPIE_0_OverworldLevel1
[2018.04.25-16.43.38:273][250]LogPlayLevel: PIE: StaticDuplicateObject took: (0.005251s)
[2018.04.25-16.43.38:273][250]LogAIModule: Creating AISystem for world OverworldLevel1
[2018.04.25-16.43.38:274][250]LogPlayLevel: PIE: World Init took: (0.000667s)
[2018.04.25-16.43.38:274][250]LogPlayLevel: PIE: Created PIE world by copying editor world from /Game/Maps/OverworldLevel1.OverworldLevel1 to /Game/Maps/UEDPIE_0_OverworldLevel1.OverworldLevel1 (0.006214s)
[2018.04.25-16.43.38:286][250]LogInit: XAudio2 using 'Speakers (Realtek High Definition Audio)' : 2 channels at 48 kHz using 32 bits per sample (channel mask 0x3)
[2018.04.25-16.43.38:296][250]LogInit: FAudioDevice initialized.
[2018.04.25-16.43.38:329][250]LogLoad: Game class is 'GameModeBase'
[2018.04.25-16.43.38:329][250]LogWorld: Bringing World /Game/Maps/UEDPIE_0_OverworldLevel1.OverworldLevel1 up for play (max tick rate 0) at 2018.04.25-09.43.38
[2018.04.25-16.43.38:345][250]LogWorld: Bringing up level for play took: 0.016020
[2018.04.25-16.43.38:364][250]PIE: Play in editor start time for /Game/Maps/UEDPIE_0_OverworldLevel1 -0.684
[2018.04.25-16.44.07:072][653]LogEditorViewport: Clicking on Actor (LMB): OverworldAI_C (OverworldAI)
[2018.04.25-16.44.21:779][275]LogSlate: Took 0.135092 seconds to synchronously load lazily loaded font '../../../Engine/Content/Slate/Fonts/Roboto-Light.ttf' (159K)
[2018.04.25-16.44.21:838][275]Cmd: OBJ SAVEPACKAGE PACKAGE="/Game/Maps/OverworldLevel1" FILE="../../../../Unreal Projects/MyProject/Content/Maps/OverworldLevel1.umap" SILENT=true AUTOSAVING=false KEEPDIRTY=false
[2018.04.25-16.44.22:026][275]LogSavePackage: Save=111.43ms
[2018.04.25-16.44.22:027][275]LogSavePackage: Moving '../../../../Unreal Projects/MyProject/Saved/OverworldLevel1A9074238450FF4A0DF4277852034AF5B.tmp' to '../../../../Unreal Projects/MyProject/Content/Maps/OverworldLevel1.umap'
[2018.04.25-16.44.22:033][275]LogSavePackage: Display: Finished SavePackage ../../../../Unreal Projects/MyProject/Content/Maps/OverworldLevel1.umap
[2018.04.25-16.44.22:060][275]Cmd: OBJ SAVEPACKAGE PACKAGE="/Game/Maps/OverworldLevel1_BuiltData" FILE="../../../../Unreal Projects/MyProject/Content/Maps/OverworldLevel1_BuiltData.uasset" SILENT=true
[2018.04.25-16.44.22:087][275]LogSavePackage: Save=13.17ms
[2018.04.25-16.44.22:087][275]LogSavePackage: Moving '../../../../Unreal Projects/MyProject/Saved/OverworldLevel1_BuiltData6EAE65184C3075589BF6AB9B8F5322BE.tmp' to '../../../../Unreal Projects/MyProject/Content/Maps/OverworldLevel1_BuiltData.uasset'
[2018.04.25-16.44.22:088][275]LogSavePackage: Display: Finished SavePackage ../../../../Unreal Projects/MyProject/Content/Maps/OverworldLevel1_BuiltData.uasset
[2018.04.25-16.49.31:837][860]LogTemp: Repeating last play command: Selected Viewport
[2018.04.25-16.49.31:851][860]LogPlayLevel: PlayLevel: No blueprints needed recompiling
[2018.04.25-16.49.31:851][860]PIE: New page: PIE session: OverworldLevel1 (Apr 25, 2018, 2:49:31 AM)
[2018.04.25-16.49.31:851][860]LogPlayLevel: Creating play world package: /Game/Maps/UEDPIE_0_OverworldLevel1
[2018.04.25-16.49.31:857][860]LogPlayLevel: PIE: StaticDuplicateObject took: (0.005681s)
[2018.04.25-16.49.31:858][860]LogAIModule: Creating AISystem for world OverworldLevel1
[2018.04.25-16.49.31:858][860]LogPlayLevel: PIE: World Init took: (0.000741s)
[2018.04.25-16.49.31:858][860]LogPlayLevel: PIE: Created PIE world by copying editor world from /Game/Maps/OverworldLevel1.OverworldLevel1 to /Game/Maps/UEDPIE_0_OverworldLevel1.OverworldLevel1 (0.006720s)
[2018.04.25-16.49.31:871][860]LogInit: XAudio2 using 'Speakers (Realtek High Definition Audio)' : 2 channels at 48 kHz using 32 bits per sample (channel mask 0x3)
[2018.04.25-16.49.31:881][860]LogInit: FAudioDevice initialized.
[2018.04.25-16.49.31:915][860]LogLoad: Game class is 'GameModeBase'
[2018.04.25-16.49.31:916][860]LogWorld: Bringing World /Game/Maps/UEDPIE_0_OverworldLevel1.OverworldLevel1 up for play (max tick rate 0) at 2018.04.25-09.49.31
[2018.04.25-16.49.31:916][860]LogWorld: Bringing up level for play took: 0.000918
[2018.04.25-16.49.31:917][860]PIE: Play in editor start time for /Game/Maps/UEDPIE_0_OverworldLevel1 0.869
[2018.04.25-16.51.03:376][618]LogEditorViewport: Clicking on Actor (LMB): OverworldAI_C (OverworldAI)
[2018.04.25-16.51.06:627][934]LogContentBrowser: Native class hierarchy updated for 'BlueprintGraph' in 0.0016 seconds. Added 116 classes and 0 folders.
[2018.04.25-16.51.07:501][934]LogSlate: Took 0.000376 seconds to synchronously load lazily loaded font '../../../Engine/Content/Slate/Fonts/Roboto-Regular.ttf' (155K)
[2018.04.25-16.51.10:090][111]LogSlate: Took 0.020988 seconds to synchronously load lazily loaded font '../../../Engine/Content/Editor/Slate/Fonts/Roboto-BoldCondensed.ttf' (158K)
[2018.04.25-16.51.17:097][858]BlueprintLog: New page: Compile OverworldAI
[2018.04.25-16.51.19:043][ 30]LogTemp: Repeating last play command: Selected Viewport
[2018.04.25-16.51.19:067][ 30]LogPlayLevel: PlayLevel: No blueprints needed recompiling
[2018.04.25-16.51.19:068][ 30]PIE: New page: PIE session: OverworldLevel1 (Apr 25, 2018, 2:51:19 AM)
[2018.04.25-16.51.19:068][ 30]LogPlayLevel: Creating play world package: /Game/Maps/UEDPIE_0_OverworldLevel1
[2018.04.25-16.51.19:073][ 30]LogPlayLevel: PIE: StaticDuplicateObject took: (0.005150s)
[2018.04.25-16.51.19:073][ 30]LogAIModule: Creating AISystem for world OverworldLevel1
[2018.04.25-16.51.19:074][ 30]LogPlayLevel: PIE: World Init took: (0.000650s)
[2018.04.25-16.51.19:074][ 30]LogPlayLevel: PIE: Created PIE world by copying editor world from /Game/Maps/OverworldLevel1.OverworldLevel1 to /Game/Maps/UEDPIE_0_OverworldLevel1.OverworldLevel1 (0.006092s)
[2018.04.25-16.51.19:095][ 30]LogInit: XAudio2 using 'Speakers (Realtek High Definition Audio)' : 2 channels at 48 kHz using 32 bits per sample (channel mask 0x3)
[2018.04.25-16.51.19:104][ 30]LogInit: FAudioDevice initialized.
[2018.04.25-16.51.19:137][ 30]LogLoad: Game class is 'GameModeBase'
[2018.04.25-16.51.19:139][ 30]LogWorld: Bringing World /Game/Maps/UEDPIE_0_OverworldLevel1.OverworldLevel1 up for play (max tick rate 0) at 2018.04.25-09.51.19
[2018.04.25-16.51.19:140][ 30]LogWorld: Bringing up level for play took: 0.001469
[2018.04.25-16.51.19:141][ 30]PIE: Play in editor start time for /Game/Maps/UEDPIE_0_OverworldLevel1 0.093
[2018.04.25-16.51.33:280][667]BlueprintLog: New page: Compile OverworldAI
[2018.04.25-16.51.34:209][732]Cmd: OBJ SAVEPACKAGE PACKAGE="/Game/Blueprints/OverworldAI" FILE="../../../../Unreal Projects/MyProject/Content/Blueprints/OverworldAI.uasset" SILENT=true
[2018.04.25-16.51.34:243][732]LogSavePackage: Save=26.82ms
[2018.04.25-16.51.34:243][732]LogSavePackage: Moving '../../../../Unreal Projects/MyProject/Saved/OverworldAIE58B22644C46D738AA9FCC9FD7B99C50.tmp' to '../../../../Unreal Projects/MyProject/Content/Blueprints/OverworldAI.uasset'
[2018.04.25-16.51.34:249][732]LogSavePackage: Display: Finished SavePackage ../../../../Unreal Projects/MyProject/Content/Blueprints/OverworldAI.uasset
[2018.04.25-16.51.36:783][ 24]LogTemp: Repeating last play command: Selected Viewport
[2018.04.25-16.51.36:800][ 24]LogPlayLevel: PlayLevel: No blueprints needed recompiling
[2018.04.25-16.51.36:800][ 24]PIE: New page: PIE session: OverworldLevel1 (Apr 25, 2018, 2:51:36 AM)
[2018.04.25-16.51.36:800][ 24]LogPlayLevel: Creating play world package: /Game/Maps/UEDPIE_0_OverworldLevel1
[2018.04.25-16.51.36:806][ 24]LogPlayLevel: PIE: StaticDuplicateObject took: (0.005246s)
[2018.04.25-16.51.36:806][ 24]LogAIModule: Creating AISystem for world OverworldLevel1
[2018.04.25-16.51.36:807][ 24]LogPlayLevel: PIE: World Init took: (0.000691s)
[2018.04.25-16.51.36:807][ 24]LogPlayLevel: PIE: Created PIE world by copying editor world from /Game/Maps/OverworldLevel1.OverworldLevel1 to /Game/Maps/UEDPIE_0_OverworldLevel1.OverworldLevel1 (0.006208s)
[2018.04.25-16.51.36:824][ 24]LogInit: XAudio2 using 'Speakers (Realtek High Definition Audio)' : 2 channels at 48 kHz using 32 bits per sample (channel mask 0x3)
[2018.04.25-16.51.36:833][ 24]LogInit: FAudioDevice initialized.
[2018.04.25-16.51.36:868][ 24]LogLoad: Game class is 'GameModeBase'
[2018.04.25-16.51.36:870][ 24]LogWorld: Bringing World /Game/Maps/UEDPIE_0_OverworldLevel1.OverworldLevel1 up for play (max tick rate 0) at 2018.04.25-09.51.36
[2018.04.25-16.51.36:871][ 24]LogWorld: Bringing up level for play took: 0.001841
[2018.04.25-16.51.36:873][ 24]PIE: Play in editor start time for /Game/Maps/UEDPIE_0_OverworldLevel1 -0.176
[2018.04.25-16.51.50:599][656]LogTemp: Repeating last play command: Selected Viewport
[2018.04.25-16.51.50:613][656]LogPlayLevel: PlayLevel: No blueprints needed recompiling
[2018.04.25-16.51.50:613][656]PIE: New page: PIE session: OverworldLevel1 (Apr 25, 2018, 2:51:50 AM)
[2018.04.25-16.51.50:613][656]LogPlayLevel: Creating play world package: /Game/Maps/UEDPIE_0_OverworldLevel1
[2018.04.25-16.51.50:618][656]LogPlayLevel: PIE: StaticDuplicateObject took: (0.004952s)
[2018.04.25-16.51.50:619][656]LogAIModule: Creating AISystem for world OverworldLevel1
[2018.04.25-16.51.50:619][656]LogPlayLevel: PIE: World Init took: (0.000592s)
[2018.04.25-16.51.50:619][656]LogPlayLevel: PIE: Created PIE world by copying editor world from /Game/Maps/OverworldLevel1.OverworldLevel1 to /Game/Maps/UEDPIE_0_OverworldLevel1.OverworldLevel1 (0.005819s)
[2018.04.25-16.51.50:635][656]LogInit: XAudio2 using 'Speakers (Realtek High Definition Audio)' : 2 channels at 48 kHz using 32 bits per sample (channel mask 0x3)
[2018.04.25-16.51.50:644][656]LogInit: FAudioDevice initialized.
[2018.04.25-16.51.50:674][656]LogLoad: Game class is 'GameModeBase'
[2018.04.25-16.51.50:675][656]LogWorld: Bringing World /Game/Maps/UEDPIE_0_OverworldLevel1.OverworldLevel1 up for play (max tick rate 0) at 2018.04.25-09.51.50
[2018.04.25-16.51.50:676][656]LogWorld: Bringing up level for play took: 0.000877
[2018.04.25-16.51.50:676][656]PIE: Play in editor start time for /Game/Maps/UEDPIE_0_OverworldLevel1 -0.372
[2018.04.25-16.54.48:348][717]LogSlate: Took 0.000642 seconds to synchronously load lazily loaded font '../../../Engine/Content/Slate/Fonts/Roboto-Light.ttf' (159K)
[2018.04.25-16.54.57:221][744]Cmd: OBJ SAVEPACKAGE PACKAGE="/Game/Maps/OverworldLevel1" FILE="../../../../Unreal Projects/MyProject/Saved/Autosaves/Game/Maps/OverworldLevel1_Auto1.umap" SILENT=true AUTOSAVING=true KEEPDIRTY=false
[2018.04.25-16.54.57:303][744]LogSavePackage: Save=64.96ms
[2018.04.25-16.54.57:303][744]LogSavePackage: Moving '../../../../Unreal Projects/MyProject/Saved/OverworldLevel1_Auto1B5A61F5C498A7E9420057C9924B54682.tmp' to '../../../../Unreal Projects/MyProject/Saved/Autosaves/Game/Maps/OverworldLevel1_Auto1.umap'
[2018.04.25-16.54.57:305][744]LogSavePackage: Display: Finished SavePackage ../../../../Unreal Projects/MyProject/Saved/Autosaves/Game/Maps/OverworldLevel1_Auto1.umap
[2018.04.25-16.54.57:309][744]LogFileHelpers: Editor autosave (incl. sublevels) for '/Game/Maps/OverworldLevel1' took 0.124
[2018.04.25-16.54.57:309][744]LogFileHelpers: Editor autosave (incl. sublevels) for all levels took 0.124
[2018.04.25-16.55.33:192][970]Cmd: OBJ SAVEPACKAGE PACKAGE="/Game/Maps/OverworldLevel1" FILE="../../../../Unreal Projects/MyProject/Content/Maps/OverworldLevel1.umap" SILENT=true AUTOSAVING=false KEEPDIRTY=false
[2018.04.25-16.55.33:264][970]LogSavePackage: Save=46.20ms
[2018.04.25-16.55.33:264][970]LogSavePackage: Moving '../../../../Unreal Projects/MyProject/Saved/OverworldLevel16B68F59F40EC1CFCEB5E9FAF1FBF2AF2.tmp' to '../../../../Unreal Projects/MyProject/Content/Maps/OverworldLevel1.umap'
[2018.04.25-16.55.33:268][970]LogSavePackage: Display: Finished SavePackage ../../../../Unreal Projects/MyProject/Content/Maps/OverworldLevel1.umap
[2018.04.25-16.55.33:301][970]LogFileHelpers: Saving map 'OverworldLevel1' took 0.197
[2018.04.25-16.55.33:667][971]Cmd: QUIT_EDITOR
[2018.04.25-16.55.33:993][971]LogWindowsTextInputMethodSystem: Display: IME system now deactivated.
[2018.04.25-16.55.34:022][971]LogExit: Preparing to exit.
[2018.04.25-16.55.35:060][971]LogDirectoryWatcher: A directory notification for 'E:/Game/Unreal Projects/MyProject/Content/' was aborted.
[2018.04.25-16.55.35:112][971]LogExit: Editor shut down
[2018.04.25-16.55.35:124][971]LogExit: Transaction tracking system shut down
[2018.04.25-16.55.35:298][971]LogDirectoryWatcher: A directory notification for '../../../Engine/Content/' was aborted.
[2018.04.25-16.55.35:298][971]LogDirectoryWatcher: A directory notification for '../../../../Unreal Projects/MyProject/Content/' was aborted.
[2018.04.25-16.55.35:298][971]LogDirectoryWatcher: A directory notification for '../../../Engine/Plugins/2D/Paper2D/Content/' was aborted.
[2018.04.25-16.55.35:298][971]LogDirectoryWatcher: A directory notification for '../../../Engine/Plugins/Media/MediaCompositing/Content/' was aborted.
[2018.04.25-16.55.35:298][971]LogDirectoryWatcher: A directory notification for '../../../Engine/Plugins/Runtime/AppleARKit/Content/' was aborted.
[2018.04.25-16.55.35:298][971]LogDirectoryWatcher: A directory notification for '../../../Engine/Plugins/Runtime/Oculus/OculusVR/Content/' was aborted.
[2018.04.25-16.55.35:298][971]LogDirectoryWatcher: A directory notification for '../../../Engine/Plugins/Runtime/Steam/SteamVR/Content/' was aborted.
[2018.04.25-16.55.35:389][971]LogExit: Object subsystem successfully closed.
[2018.04.25-16.55.35:413][971]LogD3D11RHI: Shutdown
[2018.04.25-16.55.35:413][971]LogD3D11RHI: CleanupD3DDevice
[2018.04.25-16.55.35:417][971]LogD3D11RHI: ~FD3D11DynamicRHI
[2018.04.25-16.55.35:426][971]LogModuleManager: Shutting down and abandoning module BlueprintGraph (554)
[2018.04.25-16.55.35:426][971]LogModuleManager: Shutting down and abandoning module MovieSceneCapture (552)
[2018.04.25-16.55.35:426][971]LogModuleManager: Shutting down and abandoning module HierarchicalLODOutliner (550)
[2018.04.25-16.55.35:426][971]LogModuleManager: Shutting down and abandoning module DesktopPlatform (548)
[2018.04.25-16.55.35:426][971]LogModuleManager: Shutting down and abandoning module AddContentDialog (546)
[2018.04.25-16.55.35:426][971]LogDirectoryWatcher: A directory notification for 'E:/Game/UE_4.18/FeaturePacks/' was aborted.
[2018.04.25-16.55.35:427][971]LogModuleManager: Shutting down and abandoning module WidgetCarousel (545)
[2018.04.25-16.55.35:427][971]LogModuleManager: Shutting down and abandoning module EditorWidgets (542)
[2018.04.25-16.55.35:428][971]LogModuleManager: Shutting down and abandoning module CollectionManager (540)
[2018.04.25-16.55.35:428][971]LogDirectoryWatcher: A directory notification for 'E:/Game/Unreal Projects/MyProject/Content/Collections/' was aborted.
[2018.04.25-16.55.35:428][971]LogDirectoryWatcher: A directory notification for 'E:/Game/Unreal Projects/MyProject/Content/Developers/Game/Collections/' was aborted.
[2018.04.25-16.55.35:428][971]LogDirectoryWatcher: A directory notification for 'E:/Game/Unreal Projects/MyProject/Saved/Collections/' was aborted.
[2018.04.25-16.55.35:428][971]LogModuleManager: Shutting down and abandoning module SceneOutliner (538)
[2018.04.25-16.55.35:428][971]LogModuleManager: Shutting down and abandoning module StatsViewer (536)
[2018.04.25-16.55.35:456][971]LogModuleManager: Shutting down and abandoning module FoliageEdit (534)
[2018.04.25-16.55.35:456][971]LogModuleManager: Shutting down and abandoning module LandscapeEditor (532)
[2018.04.25-16.55.35:456][971]LogModuleManager: Shutting down and abandoning module MeshPaintMode (530)
[2018.04.25-16.55.35:456][971]LogModuleManager: Shutting down and abandoning module SceneDepthPickerMode (528)
[2018.04.25-16.55.35:456][971]LogModuleManager: Shutting down and abandoning module ActorPickerMode (526)
[2018.04.25-16.55.35:456][971]LogModuleManager: Shutting down and abandoning module GeometryMode (524)
[2018.04.25-16.55.35:456][971]LogModuleManager: Shutting down and abandoning module TextureAlignMode (522)
[2018.04.25-16.55.35:456][971]LogModuleManager: Shutting down and abandoning module BspMode (520)
[2018.04.25-16.55.35:456][971]LogModuleManager: Shutting down and abandoning module PIEPreviewDeviceProfileSelector (518)
[2018.04.25-16.55.35:456][971]LogModuleManager: Shutting down and abandoning module HardwareSurvey (516)
[2018.04.25-16.55.35:457][971]LogModuleManager: Shutting down and abandoning module SequenceRecorderSections (514)
[2018.04.25-16.55.35:457][971]LogModuleManager: Shutting down and abandoning module AutomationWorker (512)
[2018.04.25-16.55.35:457][971]LogModuleManager: Shutting down and abandoning module MatineeToLevelSequence (510)
[2018.04.25-16.55.35:457][971]LogModuleManager: Shutting down and abandoning module LevelSequenceEditor (508)
[2018.04.25-16.55.35:457][971]LogModuleManager: Shutting down and abandoning module PlacementMode (507)
[2018.04.25-16.55.35:457][971]LogModuleManager: Shutting down and abandoning module WmfMediaFactory (504)
[2018.04.25-16.55.35:457][971]LogModuleManager: Shutting down and abandoning module WmfMediaEditor (502)
[2018.04.25-16.55.35:457][971]LogModuleManager: Shutting down and abandoning module OpenExrWrapper (500)
[2018.04.25-16.55.35:457][971]LogModuleManager: Shutting down and abandoning module ImgMediaFactory (498)
[2018.04.25-16.55.35:458][971]LogModuleManager: Shutting down and abandoning module ImgMediaEditor (496)
[2018.04.25-16.55.35:458][971]LogModuleManager: Shutting down and abandoning module AvfMediaFactory (494)
[2018.04.25-16.55.35:458][971]LogModuleManager: Shutting down and abandoning module AvfMediaEditor (492)
[2018.04.25-16.55.35:458][971]LogModuleManager: Shutting down and abandoning module AndroidMediaFactory (490)
[2018.04.25-16.55.35:458][971]LogModuleManager: Shutting down and abandoning module AndroidMediaEditor (488)
[2018.04.25-16.55.35:458][971]LogModuleManager: Shutting down and abandoning module CharacterAI (486)
[2018.04.25-16.55.35:458][971]LogModuleManager: Shutting down and abandoning module AudioCapture (484)
[2018.04.25-16.55.35:458][971]LogModuleManager: Shutting down and abandoning module SequenceRecorder (483)
[2018.04.25-16.55.35:458][971]LogModuleManager: Shutting down and abandoning module SmartSnapping (480)
[2018.04.25-16.55.35:458][971]LogModuleManager: Shutting down and abandoning module SessionServices (478)
[2018.04.25-16.55.35:458][971]LogModuleManager: Shutting down and abandoning module ViewportSnapping (476)
[2018.04.25-16.55.35:458][971]LogModuleManager: Shutting down and abandoning module ViewportInteraction (474)
[2018.04.25-16.55.35:458][971]LogModuleManager: Shutting down and abandoning module ClothPainter (472)
[2018.04.25-16.55.35:458][971]LogModuleManager: Shutting down and abandoning module SkeletalMeshEditor (471)
[2018.04.25-16.55.35:458][971]LogModuleManager: Shutting down and abandoning module LogVisualizer (468)
[2018.04.25-16.55.35:458][971]LogModuleManager: Shutting down and abandoning module IntroTutorials (466)
[2018.04.25-16.55.35:459][971]LogModuleManager: Shutting down and abandoning module GameProjectGeneration (465)
[2018.04.25-16.55.35:459][971]LogModuleManager: Shutting down and abandoning module IOSPlatformEditor (462)
[2018.04.25-16.55.35:459][971]LogModuleManager: Shutting down and abandoning module HTML5PlatformEditor (460)
[2018.04.25-16.55.35:459][971]LogModuleManager: Shutting down and abandoning module AndroidPlatformEditor (458)
[2018.04.25-16.55.35:459][971]LogModuleManager: Shutting down and abandoning module AndroidDeviceDetection (457)
[2018.04.25-16.55.35:618][971]LogModuleManager: Shutting down and abandoning module WindowsPlatformEditor (454)
[2018.04.25-16.55.35:618][971]LogModuleManager: Shutting down and abandoning module IOSRuntimeSettings (452)
[2018.04.25-16.55.35:618][971]LogModuleManager: Shutting down and abandoning module AndroidRuntimeSettings (450)
[2018.04.25-16.55.35:618][971]LogModuleManager: Shutting down and abandoning module InputBindingEditor (448)
[2018.04.25-16.55.35:618][971]LogModuleManager: Shutting down and abandoning module MergeActors (446)
[2018.04.25-16.55.35:618][971]LogModuleManager: Shutting down and abandoning module SizeMap (444)
[2018.04.25-16.55.35:618][971]LogModuleManager: Shutting down and abandoning module TreeMap (442)
[2018.04.25-16.55.35:618][971]LogModuleManager: Shutting down and abandoning module ReferenceViewer (440)
[2018.04.25-16.55.35:618][971]LogModuleManager: Shutting down and abandoning module LocalizationDashboard (438)
[2018.04.25-16.55.35:618][971]LogModuleManager: Shutting down and abandoning module LocalizationService (437)
[2018.04.25-16.55.35:618][971]LogModuleManager: Shutting down and abandoning module HardwareTargeting (434)
[2018.04.25-16.55.35:618][971]LogModuleManager: Shutting down and abandoning module DeviceProfileEditor (432)
[2018.04.25-16.55.35:618][971]LogModuleManager: Shutting down and abandoning module UndoHistory (430)
[2018.04.25-16.55.35:618][971]LogModuleManager: Shutting down and abandoning module XmlParser (428)
[2018.04.25-16.55.35:618][971]LogModuleManager: Shutting down and abandoning module Blutility (426)
[2018.04.25-16.55.35:619][971]LogModuleManager: Shutting down and abandoning module ProjectSettingsViewer (424)
[2018.04.25-16.55.35:619][971]LogModuleManager: Shutting down and abandoning module ProjectTargetPlatformEditor (423)
[2018.04.25-16.55.35:619][971]LogModuleManager: Shutting down and abandoning module EditorSettingsViewer (420)
[2018.04.25-16.55.35:619][971]LogModuleManager: Shutting down and abandoning module SettingsEditor (418)
[2018.04.25-16.55.35:619][971]LogModuleManager: Shutting down and abandoning module ProjectLauncher (416)
[2018.04.25-16.55.35:619][971]LogModuleManager: Shutting down and abandoning module SessionFrontend (414)
[2018.04.25-16.55.35:619][971]LogModuleManager: Shutting down and abandoning module ProfilerClient (412)
[2018.04.25-16.55.35:619][971]LogModuleManager: Shutting down and abandoning module DeviceManager (410)
[2018.04.25-16.55.35:619][971]LogModuleManager: Shutting down and abandoning module TargetDeviceServices (409)
[2018.04.25-16.55.35:671][971]LogModuleManager: Shutting down and abandoning module AutomationController (406)
[2018.04.25-16.55.35:671][971]LogModuleManager: Shutting down and abandoning module AutomationWindow (404)
[2018.04.25-16.55.35:671][971]LogModuleManager: Shutting down and abandoning module Layers (402)
[2018.04.25-16.55.35:671][971]LogModuleManager: Shutting down and abandoning module ComponentVisualizers (400)
[2018.04.25-16.55.35:671][971]LogModuleManager: Shutting down and abandoning module DetailCustomizations (398)
[2018.04.25-16.55.35:671][971]LogModuleManager: Shutting down and abandoning module PackagesDialog (396)
[2018.04.25-16.55.35:671][971]LogModuleManager: Shutting down and abandoning module Persona (394)
[2018.04.25-16.55.35:672][971]LogModuleManager: Shutting down and abandoning module AdvancedPreviewScene (393)
[2018.04.25-16.55.35:672][971]LogModuleManager: Shutting down and abandoning module AnimGraph (391)
[2018.04.25-16.55.35:672][971]LogModuleManager: Shutting down and abandoning module Kismet (388)
[2018.04.25-16.55.35:685][971]LogModuleManager: Shutting down and abandoning module ClassViewer (386)
[2018.04.25-16.55.35:685][971]LogModuleManager: Shutting down and abandoning module Toolbox (384)
[2018.04.25-16.55.35:685][971]LogModuleManager: Shutting down and abandoning module ModuleUI (382)
[2018.04.25-16.55.35:685][971]LogModuleManager: Shutting down and abandoning module MovieSceneTools (380)
[2018.04.25-16.55.35:685][971]LogModuleManager: Shutting down and abandoning module OutputLog (378)
[2018.04.25-16.55.35:686][971]LogModuleManager: Shutting down and abandoning module GammaUI (376)
[2018.04.25-16.55.35:686][971]LogModuleManager: Shutting down and abandoning module Documentation (374)
[2018.04.25-16.55.35:686][971]LogModuleManager: Shutting down and abandoning module MovieSceneTracks (372)
[2018.04.25-16.55.35:686][971]LogModuleManager: Shutting down and abandoning module MovieScene (370)
[2018.04.25-16.55.35:686][971]LogModuleManager: Shutting down and abandoning module StreamingPauseRendering (368)
[2018.04.25-16.55.35:686][971]LogModuleManager: Shutting down and abandoning module LauncherPlatform (366)
[2018.04.25-16.55.35:686][971]LogModuleManager: Shutting down and abandoning module AnalyticsET (364)
[2018.04.25-16.55.35:686][971]LogModuleManager: Shutting down and abandoning module PortalServices (362)
[2018.04.25-16.55.35:686][971]LogModuleManager: Shutting down and abandoning module PortalRpc (360)
[2018.04.25-16.55.35:686][971]LogModuleManager: Shutting down and abandoning module MessagingRpc (358)
[2018.04.25-16.55.35:686][971]LogModuleManager: Shutting down and abandoning module AIModule (356)
[2018.04.25-16.55.35:686][971]LogModuleManager: Shutting down and abandoning module GameplayDebugger (355)
[2018.04.25-16.55.35:686][971]LogModuleManager: Shutting down and abandoning module AITestSuite (353)
[2018.04.25-16.55.35:686][971]LogModuleManager: Shutting down and abandoning module ProfilerService (350)
[2018.04.25-16.55.35:824][971]LogModuleManager: Shutting down and abandoning module TaskGraph (348)
[2018.04.25-16.55.35:824][971]LogModuleManager: Shutting down and abandoning module SteamVRController (346)
[2018.04.25-16.55.35:824][971]LogModuleManager: Shutting down and abandoning module ProceduralMeshComponentEditor (344)
[2018.04.25-16.55.35:824][971]LogModuleManager: Shutting down and abandoning module ProceduralMeshComponent (342)
[2018.04.25-16.55.35:824][971]LogModuleManager: Shutting down and abandoning module OculusInput (340)
[2018.04.25-16.55.35:824][971]LogModuleManager: Shutting down and abandoning module MobilePatchingUtils (338)
[2018.04.25-16.55.35:824][971]LogModuleManager: Shutting down and abandoning module CustomMeshComponent (336)
[2018.04.25-16.55.35:824][971]LogModuleManager: Shutting down and abandoning module CableComponent (334)
[2018.04.25-16.55.35:824][971]LogModuleManager: Shutting down and abandoning module ArchVisCharacter (332)
[2018.04.25-16.55.35:824][971]LogModuleManager: Shutting down and abandoning module AndroidPermission (330)
[2018.04.25-16.55.35:824][971]LogModuleManager: Shutting down and abandoning module ActorSequence (326)
[2018.04.25-16.55.35:824][971]LogModuleManager: Shutting down and abandoning module MediaPlayerEditor (324)
[2018.04.25-16.55.35:824][971]LogModuleManager: Shutting down and abandoning module MediaCompositingEditor (322)
[2018.04.25-16.55.35:824][971]LogModuleManager: Shutting down and abandoning module MediaCompositing (320)
[2018.04.25-16.55.35:825][971]LogModuleManager: Shutting down and abandoning module HTML5Networking (318)
[2018.04.25-16.55.35:825][971]LogModuleManager: Shutting down and abandoning module AlembicImporter (316)
[2018.04.25-16.55.35:825][971]LogModuleManager: Shutting down and abandoning module AlembicLibrary (315)
[2018.04.25-16.55.35:825][971]LogModuleManager: Shutting down and abandoning module GeometryCache (314)
[2018.04.25-16.55.35:825][971]LogModuleManager: Shutting down and abandoning module GeometryCacheEd (313)
[2018.04.25-16.55.35:825][971]LogModuleManager: Shutting down and abandoning module SpeedTreeImporter (308)
[2018.04.25-16.55.35:825][971]LogModuleManager: Shutting down and abandoning module PluginBrowser (306)
[2018.04.25-16.55.35:825][971]LogModuleManager: Shutting down and abandoning module MobileLauncherProfileWizard (304)
[2018.04.25-16.55.35:825][971]LogModuleManager: Shutting down and abandoning module VisualStudioSourceCodeAccess (302)
[2018.04.25-16.55.35:825][971]LogModuleManager: Shutting down and abandoning module VisualStudioCodeSourceCodeAccess (300)
[2018.04.25-16.55.35:825][971]LogModuleManager: Shutting down and abandoning module UObjectPlugin (298)
[2018.04.25-16.55.35:825][971]LogModuleManager: Shutting down and abandoning module SubversionSourceControl (296)
[2018.04.25-16.55.35:825][971]LogModuleManager: Shutting down and abandoning module PerforceSourceControl (294)
[2018.04.25-16.55.35:825][971]LogModuleManager: Shutting down and abandoning module GitSourceControl (292)
[2018.04.25-16.55.35:825][971]LogModuleManager: Shutting down and abandoning module SourceControl (291)
[2018.04.25-16.55.35:825][971]LogModuleManager: Shutting down and abandoning module LightPropagationVolumeEditor (288)
[2018.04.25-16.55.35:826][971]LogModuleManager: Shutting down and abandoning module PaperTiledImporter (286)
[2018.04.25-16.55.35:826][971]LogModuleManager: Shutting down and abandoning module PaperSpriteSheetImporter (284)
[2018.04.25-16.55.35:826][971]LogModuleManager: Shutting down and abandoning module Paper2DEditor (282)
[2018.04.25-16.55.35:826][971]LogModuleManager: Shutting down and abandoning module MeshPaint (281)
[2018.04.25-16.55.35:826][971]LogModuleManager: Shutting down and abandoning module LevelEditor (279)
[2018.04.25-16.55.35:828][971]LogModuleManager: Shutting down and abandoning module PixelInspectorModule (278)
[2018.04.25-16.55.35:828][971]LogModuleManager: Shutting down and abandoning module MainFrame (276)
[2018.04.25-16.55.35:828][971]LogModuleManager: Shutting down and abandoning module HotReload (275)
[2018.04.25-16.55.35:828][971]LogDirectoryWatcher: A directory notification for 'E:/Game/Unreal Projects/MyProject/Binaries/Win64' was aborted.
[2018.04.25-16.55.35:829][971]LogModuleManager: Shutting down and abandoning module MyProject (270)
[2018.04.25-16.55.35:829][971]LogModuleManager: Shutting down and abandoning module RuntimePhysXCooking (268)
[2018.04.25-16.55.35:829][971]LogModuleManager: Shutting down and abandoning module PhysXVehiclesEditor (266)
[2018.04.25-16.55.35:829][971]LogModuleManager: Shutting down and abandoning module PhysXVehicles (264)
[2018.04.25-16.55.35:829][971]LogModuleManager: Shutting down and abandoning module OculusEditor (262)
[2018.04.25-16.55.35:830][971]LogModuleManager: Shutting down and abandoning module LocationServicesBPLibrary (260)
[2018.04.25-16.55.35:830][971]LogModuleManager: Shutting down and abandoning module ImmediatePhysicsEditor (258)
[2018.04.25-16.55.35:830][971]LogModuleManager: Shutting down and abandoning module ImmediatePhysics (256)
[2018.04.25-16.55.35:830][971]LogModuleManager: Shutting down and abandoning module UdpMessaging (254)
[2018.04.25-16.55.35:930][971]LogModuleManager: Shutting down and abandoning module TcpMessaging (252)
[2018.04.25-16.55.36:031][971]LogModuleManager: Shutting down and abandoning module GameplayTagsEditor (250)
[2018.04.25-16.55.36:031][971]LogModuleManager: Shutting down and abandoning module FacialAnimationEditor (248)
[2018.04.25-16.55.36:031][971]LogModuleManager: Shutting down and abandoning module FacialAnimation (246)
[2018.04.25-16.55.36:031][971]LogModuleManager: Shutting down and abandoning module AssetManagerEditor (244)
[2018.04.25-16.55.36:031][971]LogModuleManager: Shutting down and abandoning module GraphEditor (243)
[2018.04.25-16.55.36:031][971]LogModuleManager: Shutting down and abandoning module ContentBrowser (241)
[2018.04.25-16.55.36:033][971]LogModuleManager: Shutting down and abandoning module LightPropagationVolumeRuntime (238)
[2018.04.25-16.55.36:033][971]LogModuleManager: Shutting down and abandoning module Paper2D (236)
[2018.04.25-16.55.36:033][971]LogModuleManager: Shutting down and abandoning module WindowsMoviePlayer (234)
[2018.04.25-16.55.36:033][971]LogModuleManager: Shutting down and abandoning module WmfMedia (232)
[2018.04.25-16.55.36:037][971]LogModuleManager: Shutting down and abandoning module ImgMedia (230)
[2018.04.25-16.55.36:037][971]LogModuleManager: Shutting down and abandoning module PacketHandler (228)
[2018.04.25-16.55.36:037][971]LogModuleManager: Shutting down and abandoning module ClothingSystemEditor (226)
[2018.04.25-16.55.36:037][971]LogModuleManager: Shutting down and abandoning module ClothingSystemRuntime (224)
[2018.04.25-16.55.36:037][971]LogModuleManager: Shutting down and abandoning module MediaAssets (222)
[2018.04.25-16.55.36:037][971]LogModuleManager: Shutting down and abandoning module Media (221)
[2018.04.25-16.55.36:043][971]LogModuleManager: Shutting down and abandoning module Overlay (218)
[2018.04.25-16.55.36:043][971]LogModuleManager: Shutting down and abandoning module OverlayEditor (217)
[2018.04.25-16.55.36:044][971]LogModuleManager: Shutting down and abandoning module VREditor (214)
[2018.04.25-16.55.36:044][971]LogModuleManager: Shutting down and abandoning module StringTableEditor (212)
[2018.04.25-16.55.36:044][971]LogModuleManager: Shutting down and abandoning module GameplayTasksEditor (210)
[2018.04.25-16.55.36:044][971]LogModuleManager: Shutting down and abandoning module BehaviorTreeEditor (208)
[2018.04.25-16.55.36:044][971]LogModuleManager: Shutting down and abandoning module FunctionalTesting (206)
[2018.04.25-16.55.36:044][971]LogModuleManager: Shutting down and abandoning module CollisionAnalyzer (204)
[2018.04.25-16.55.36:044][971]LogModuleManager: Shutting down and abandoning module WorkspaceMenuStructure (203)
[2018.04.25-16.55.36:044][971]LogModuleManager: Shutting down and abandoning module UMG (200)
[2018.04.25-16.55.36:044][971]LogModuleManager: Shutting down and abandoning module UMGEditor (199)
[2018.04.25-16.55.36:044][971]LogModuleManager: Shutting down and abandoning module Sequencer (198)
[2018.04.25-16.55.36:044][971]LogModuleManager: Shutting down and abandoning module MessageLog (195)
[2018.04.25-16.55.36:044][971]LogModuleManager: Shutting down and abandoning module SlateReflector (190)
[2018.04.25-16.55.36:045][971]LogModuleManager: Shutting down and abandoning module Slate (188)
[2018.04.25-16.55.36:045][971]LogModuleManager: Shutting down and abandoning module EditorStyle (186)
[2018.04.25-16.55.36:049][971]LogModuleManager: Shutting down and abandoning module MRMesh (184)
[2018.04.25-16.55.36:049][971]LogModuleManager: Shutting down and abandoning module SourceCodeAccess (182)
[2018.04.25-16.55.36:049][971]LogModuleManager: Shutting down and abandoning module HeadMountedDisplay (180)
[2018.04.25-16.55.36:049][971]LogModuleManager: Shutting down and abandoning module XAudio2 (178)
[2018.04.25-16.55.36:049][971]LogModuleManager: Shutting down and abandoning module Networking (176)
[2018.04.25-16.55.36:049][971]LogModuleManager: Shutting down and abandoning module Core (172)
[2018.04.25-16.55.36:049][971]LogModuleManager: Shutting down and abandoning module LevelSequence (168)
[2018.04.25-16.55.36:049][971]LogModuleManager: Shutting down and abandoning module DirectoryWatcher (166)
[2018.04.25-16.55.36:052][971]LogModuleManager: Shutting down and abandoning module KismetCompiler (164)
[2018.04.25-16.55.36:052][971]LogModuleManager: Shutting down and abandoning module MeshUtilities (162)
[2018.04.25-16.55.36:052][971]LogModuleManager: Shutting down and abandoning module MeshMergeUtilities (161)
[2018.04.25-16.55.36:052][971]LogModuleManager: Shutting down and abandoning module MeshReductionInterface (160)
[2018.04.25-16.55.36:052][971]LogModuleManager: Shutting down and abandoning module SimplygonSwarm (159)
[2018.04.25-16.55.36:052][971]LogModuleManager: Shutting down and abandoning module SimplygonMeshReduction (157)
[2018.04.25-16.55.36:052][971]LogModuleManager: Shutting down and abandoning module QuadricMeshReduction (155)
[2018.04.25-16.55.36:052][971]LogModuleManager: Shutting down and abandoning module MaterialBaking (151)
[2018.04.25-16.55.36:052][971]LogModuleManager: Shutting down and abandoning module DerivedDataCache (148)
[2018.04.25-16.55.36:096][971]LogDerivedDataCache: Shutdown
[2018.04.25-16.55.36:096][971]LogModuleManager: Shutting down and abandoning module TargetPlatform (146)
[2018.04.25-16.55.36:096][971]LogModuleManager: Shutting down and abandoning module VulkanShaderFormat (145)
[2018.04.25-16.55.36:096][971]LogModuleManager: Shutting down and abandoning module ShaderFormatVectorVM (143)
[2018.04.25-16.55.36:096][971]LogModuleManager: Shutting down and abandoning module ShaderFormatOpenGL (141)
[2018.04.25-16.55.36:096][971]LogModuleManager: Shutting down and abandoning module ShaderFormatD3D (139)
[2018.04.25-16.55.36:096][971]LogModuleManager: Shutting down and abandoning module MetalShaderFormat (137)
[2018.04.25-16.55.36:096][971]LogModuleManager: Shutting down and abandoning module TextureFormatUncompressed (135)
[2018.04.25-16.55.36:096][971]LogModuleManager: Shutting down and abandoning module TextureFormatPVR (133)
[2018.04.25-16.55.36:096][971]LogModuleManager: Shutting down and abandoning module TextureFormatDXT (131)
[2018.04.25-16.55.36:096][971]LogModuleManager: Shutting down and abandoning module TextureFormatIntelISPCTexComp (129)
[2018.04.25-16.55.36:096][971]LogModuleManager: Shutting down and abandoning module TextureFormatASTC (127)
[2018.04.25-16.55.36:096][971]LogModuleManager: Shutting down and abandoning module ImageWrapper (126)
[2018.04.25-16.55.36:096][971]LogModuleManager: Shutting down and abandoning module TextureFormatAndroid (123)
[2018.04.25-16.55.36:097][971]LogModuleManager: Shutting down and abandoning module AudioFormatOpus (121)
[2018.04.25-16.55.36:097][971]LogModuleManager: Shutting down and abandoning module AudioFormatOgg (119)
[2018.04.25-16.55.36:097][971]LogModuleManager: Shutting down and abandoning module AudioFormatADPCM (117)
[2018.04.25-16.55.36:097][971]LogModuleManager: Shutting down and abandoning module LinuxTargetPlatform (115)
[2018.04.25-16.55.36:097][971]LogModuleManager: Shutting down and abandoning module LinuxServerTargetPlatform (113)
[2018.04.25-16.55.36:097][971]LogModuleManager: Shutting down and abandoning module LinuxNoEditorTargetPlatform (111)
[2018.04.25-16.55.36:097][971]LogModuleManager: Shutting down and abandoning module LinuxClientTargetPlatform (109)
[2018.04.25-16.55.36:097][971]LogModuleManager: Shutting down and abandoning module TVOSTargetPlatform (107)
[2018.04.25-16.55.36:097][971]LogModuleManager: Shutting down and abandoning module Messaging (105)
[2018.04.25-16.55.36:097][971]LogModuleManager: Shutting down and abandoning module IOSTargetPlatform (103)
[2018.04.25-16.55.36:097][971]LogModuleManager: Shutting down and abandoning module HTML5TargetPlatform (101)
[2018.04.25-16.55.36:097][971]LogModuleManager: Shutting down and abandoning module AndroidTargetPlatform (99)
[2018.04.25-16.55.36:097][971]LogModuleManager: Shutting down and abandoning module Android_PVRTCTargetPlatform (97)
[2018.04.25-16.55.36:097][971]LogModuleManager: Shutting down and abandoning module Android_MultiTargetPlatform (95)
[2018.04.25-16.55.36:097][971]LogModuleManager: Shutting down and abandoning module Android_ETC2TargetPlatform (93)
[2018.04.25-16.55.36:097][971]LogModuleManager: Shutting down and abandoning module Android_ETC1TargetPlatform (91)
[2018.04.25-16.55.36:097][971]LogModuleManager: Shutting down and abandoning module Android_DXTTargetPlatform (89)
[2018.04.25-16.55.36:097][971]LogModuleManager: Shutting down and abandoning module Android_ATCTargetPlatform (87)
[2018.04.25-16.55.36:097][971]LogModuleManager: Shutting down and abandoning module Android_ASTCTargetPlatform (85)
[2018.04.25-16.55.36:097][971]LogModuleManager: Shutting down and abandoning module WindowsTargetPlatform (83)
[2018.04.25-16.55.36:097][971]LogModuleManager: Shutting down and abandoning module WindowsServerTargetPlatform (81)
[2018.04.25-16.55.36:097][971]LogModuleManager: Shutting down and abandoning module WindowsNoEditorTargetPlatform (79)
[2018.04.25-16.55.36:097][971]LogModuleManager: Shutting down and abandoning module WindowsClientTargetPlatform (77)
[2018.04.25-16.55.36:097][971]LogModuleManager: Shutting down and abandoning module MacTargetPlatform (75)
[2018.04.25-16.55.36:098][971]LogModuleManager: Shutting down and abandoning module MacServerTargetPlatform (73)
[2018.04.25-16.55.36:098][971]LogModuleManager: Shutting down and abandoning module MacNoEditorTargetPlatform (71)
[2018.04.25-16.55.36:098][971]LogModuleManager: Shutting down and abandoning module MacClientTargetPlatform (69)
[2018.04.25-16.55.36:098][971]LogModuleManager: Shutting down and abandoning module AllDesktopTargetPlatform (67)
[2018.04.25-16.55.36:098][971]LogModuleManager: Shutting down and abandoning module InputCore (64)
[2018.04.25-16.55.36:098][971]LogModuleManager: Shutting down and abandoning module Settings (62)
[2018.04.25-16.55.36:098][971]LogModuleManager: Shutting down and abandoning module PhysXCooking (60)
[2018.04.25-16.55.36:098][971]LogModuleManager: Shutting down and abandoning module SteamVR (58)
[2018.04.25-16.55.36:098][971]LogModuleManager: Shutting down and abandoning module OculusHMD (56)
[2018.04.25-16.55.36:098][971]LogModuleManager: Shutting down and abandoning module ExampleDeviceProfileSelector (54)
[2018.04.25-16.55.36:098][971]LogModuleManager: Shutting down and abandoning module AppleARKit (52)
[2018.04.25-16.55.36:098][971]LogModuleManager: Shutting down and abandoning module AugmentedReality (51)
[2018.04.25-16.55.36:098][971]LogModuleManager: Shutting down and abandoning module OnlineBlueprintSupport (48)
[2018.04.25-16.55.36:098][971]LogModuleManager: Shutting down and abandoning module OnlineSubsystem (44)
[2018.04.25-16.55.36:098][971]LogModuleManager: Shutting down and abandoning module XMPP (43)
[2018.04.25-16.55.36:098][971]LogModuleManager: Shutting down and abandoning module HTTP (41)
[2018.04.25-16.55.36:098][971]LogHttp: Display: Http module shutting down, but needs to wait on 1 outstanding Http requests:
[2018.04.25-16.55.36:098][971]LogHttp: Display: 	verb=[POST] url=[https://datarouter.ol.epicgames.com/datarouter/api/v1/public/data?SessionID=%7B71B7472B-4595-5BA6-118C-D89C958CB13E%7D&AppID=UEEditor.Rocket.Release&AppVersion=4.18.3-3832480%2B%2B%2BUE4%2BRelease-4.18&UserID=eb6aaf914a139cc2ce36a58b45d82c82%7C84b7e9a7edca424e8d1f431b48cdff00%7C551195f0-e47e-45d9-b9a9-c8c21b00246d&AppEnvironment=datacollector-binary&UploadType=eteventstream] status=Processing
[2018.04.25-16.55.36:108][971]LogModuleManager: Shutting down and abandoning module SSL (40)
[2018.04.25-16.55.36:111][971]LogModuleManager: Shutting down and abandoning module AnimationModifiers (36)
[2018.04.25-16.55.36:111][971]LogModuleManager: Shutting down and abandoning module PropertyEditor (35)
[2018.04.25-16.55.36:111][971]LogModuleManager: Shutting down and abandoning module AudioEditor (32)
[2018.04.25-16.55.36:111][971]LogModuleManager: Shutting down and abandoning module TextureCompressor (30)
[2018.04.25-16.55.36:112][971]LogModuleManager: Shutting down and abandoning module ShaderCore (28)
[2018.04.25-16.55.36:112][971]LogModuleManager: Shutting down and abandoning module Landscape (26)
[2018.04.25-16.55.36:112][971]LogModuleManager: Shutting down and abandoning module SlateRHIRenderer (24)
[2018.04.25-16.55.36:114][971]LogModuleManager: Shutting down and abandoning module OpenGLDrv (22)
[2018.04.25-16.55.36:114][971]LogModuleManager: Shutting down and abandoning module D3D11RHI (20)
[2018.04.25-16.55.36:114][971]LogModuleManager: Shutting down and abandoning module AnimGraphRuntime (18)
[2018.04.25-16.55.36:114][971]LogModuleManager: Shutting down and abandoning module Renderer (16)
[2018.04.25-16.55.36:114][971]LogModuleManager: Shutting down and abandoning module Engine (14)
[2018.04.25-16.55.36:114][971]LogModuleManager: Shutting down and abandoning module CoreUObject (12)
[2018.04.25-16.55.36:114][971]LogModuleManager: Shutting down and abandoning module NetworkFile (10)
[2018.04.25-16.55.36:114][971]LogModuleManager: Shutting down and abandoning module CookedIterativeFile (8)
[2018.04.25-16.55.36:114][971]LogModuleManager: Shutting down and abandoning module StreamingFile (6)
[2018.04.25-16.55.36:114][971]LogModuleManager: Shutting down and abandoning module SandboxFile (4)
[2018.04.25-16.55.36:114][971]LogModuleManager: Shutting down and abandoning module PakFile (2)
[2018.04.25-16.55.36:121][971]LogExit: Exiting.
[2018.04.25-16.55.36:150][971]Log file closed, 04/25/18 09:55:36
